gyp info it worked if it ends with ok
gyp info using node-gyp@9.3.1
gyp info using node@18.17.1 | win32 | x64
gyp info find Python using Python version 3.10.6 found at "C:\laragon\bin\python\python-3.10\python.exe"
gyp info find VS using VS2022 (17.7.34031.279) found at:
gyp info find VS "C:\Program Files\Microsoft Visual Studio\2022\Community"
gyp info find VS run with --verbose for detailed information
gyp info spawn C:\laragon\bin\python\python-3.10\python.exe
gyp info spawn args [
gyp info spawn args   'C:\\Program Files\\nodejs\\node_modules\\npm\\node_modules\\node-gyp\\gyp\\gyp_main.py',
gyp info spawn args   'binding.gyp',
gyp info spawn args   '-f',
gyp info spawn args   'msvs',
gyp info spawn args   '-I',
gyp info spawn args   'C:\\Users\\ducth\\OneDrive\\Desktop\\TheBoy\\server\\server\\node_modules\\uws\\build\\config.gypi',
gyp info spawn args   '-I',
gyp info spawn args   'C:\\Program Files\\nodejs\\node_modules\\npm\\node_modules\\node-gyp\\addon.gypi',
gyp info spawn args   '-I',
gyp info spawn args   'C:\\Users\\ducth\\AppData\\Local\\node-gyp\\Cache\\18.17.1\\include\\node\\common.gypi',
gyp info spawn args   '-Dlibrary=shared_library',
gyp info spawn args   '-Dvisibility=default',
gyp info spawn args   '-Dnode_root_dir=C:\\Users\\ducth\\AppData\\Local\\node-gyp\\Cache\\18.17.1',
gyp info spawn args   '-Dnode_gyp_dir=C:\\Program Files\\nodejs\\node_modules\\npm\\node_modules\\node-gyp',
gyp info spawn args   '-Dnode_lib_file=C:\\\\Users\\\\ducth\\\\AppData\\\\Local\\\\node-gyp\\\\Cache\\\\18.17.1\\\\<(target_arch)\\\\node.lib',
gyp info spawn args   '-Dmodule_root_dir=C:\\Users\\ducth\\OneDrive\\Desktop\\TheBoy\\server\\server\\node_modules\\uws',
gyp info spawn args   '-Dnode_engine=v8',
gyp info spawn args   '--depth=.',
gyp info spawn args   '--no-parallel',
gyp info spawn args   '--generator-output',
gyp info spawn args   'C:\\Users\\ducth\\OneDrive\\Desktop\\TheBoy\\server\\server\\node_modules\\uws\\build',
gyp info spawn args   '-Goutput_dir=.'
gyp info spawn args ]
gyp info spawn C:\Program Files\Microsoft Visual Studio\2022\Community\MSBuild\Current\Bin\MSBuild.exe
gyp info spawn args [
gyp info spawn args   'build/binding.sln',
gyp info spawn args   '/clp:Verbosity=minimal',
gyp info spawn args   '/nologo',
gyp info spawn args   '/p:Configuration=Release;Platform=x64'
gyp info spawn args ]

  Extensions.cpp
  Group.cpp
  Networking.cpp
  Hub.cpp
C:\Users\ducth\OneDrive\Desktop\TheBoy\server\server\node_modules\uws\src\Hub.cpp(127,13): warning C4530: C++ exception handler used, but unwind semantics are not enabled. Specify /EHsc [C:\Users\ducth\OneDrive\Desktop\TheBoy\server\server\node_modules\uws\build\uws.vcxproj]
  Node.cpp
  WebSocket.cpp
  HTTPSocket.cpp
  Socket.cpp
  addon.cpp
C:\Users\ducth\OneDrive\Desktop\TheBoy\server\server\node_modules\uws\src\addon.h(21,15): warning C4996: 'node::MakeCallback': was declared deprecated [C:\Users\ducth\OneDrive\Desktop\TheBoy\server\server\node_modules\uws\build\uws.vcxproj]
C:\Users\ducth\OneDrive\Desktop\TheBoy\server\server\node_modules\uws\src\addon.h(37,64): error C2665: 'v8::String::Utf8Value::Utf8Value': no overloaded function could convert all the argument types [C:\Users\ducth\OneDrive\Desktop\TheBoy\server\server\node_modules\uws\build\uws.vcxproj]
C:\Users\ducth\AppData\Local\node-gyp\Cache\18.17.1\include\node\v8-primitive.h(517,5): message : could be 'v8::String::Utf8Value::Utf8Value(const v8::String::Utf8Value &)' [C:\Users\ducth\OneDrive\Desktop\TheBoy\server\server\node_modules\uws\build\uws.vcxproj]
C:\Users\ducth\OneDrive\Desktop\TheBoy\server\server\node_modules\uws\src\addon.h(37,64): message : 'v8::String::Utf8Value::Utf8Value(const v8::String::Utf8Value &)': cannot convert argument 1 from 'const v8::Local<v8::Value>' to 'const v8::String::Utf8Value &' [C:\Users\ducth\OneDrive\Desktop\TheBoy\server\server\node_modules\uws\build\uws.vcxproj]
C:\Users\ducth\OneDrive\Desktop\TheBoy\server\server\node_modules\uws\src\addon.h(37,65): message : Reason: cannot convert from 'const v8::Local<v8::Value>' to 'const v8::String::Utf8Value' [C:\Users\ducth\OneDrive\Desktop\TheBoy\server\server\node_modules\uws\build\uws.vcxproj]
C:\Users\ducth\OneDrive\Desktop\TheBoy\server\server\node_modules\uws\src\addon.h(37,65): message : No user-defined-conversion operator available that can perform this conversion, or the operator cannot be called [C:\Users\ducth\OneDrive\Desktop\TheBoy\server\server\node_modules\uws\build\uws.vcxproj]
C:\Users\ducth\OneDrive\Desktop\TheBoy\server\server\node_modules\uws\src\addon.h(37,64): message : while trying to match the argument list '(const v8::Local<v8::Value>)' [C:\Users\ducth\OneDrive\Desktop\TheBoy\server\server\node_modules\uws\build\uws.vcxproj]
C:\Users\ducth\OneDrive\Desktop\TheBoy\server\server\node_modules\uws\src\addon.h(45,26): error C2039: 'Contents': is not a member of 'v8::ArrayBuffer' [C:\Users\ducth\OneDrive\Desktop\TheBoy\server\server\node_modules\uws\build\uws.vcxproj]
C:\Users\ducth\AppData\Local\node-gyp\Cache\18.17.1\include\node\v8-wasm.h(18,7): message : see declaration of 'v8::ArrayBuffer' [C:\Users\ducth\OneDrive\Desktop\TheBoy\server\server\node_modules\uws\build\uws.vcxproj]
C:\Users\ducth\OneDrive\Desktop\TheBoy\server\server\node_modules\uws\src\addon.h(45,26): error C2065: 'Contents': undeclared identifier [C:\Users\ducth\OneDrive\Desktop\TheBoy\server\server\node_modules\uws\build\uws.vcxproj]
C:\Users\ducth\OneDrive\Desktop\TheBoy\server\server\node_modules\uws\src\addon.h(45,35): error C2146: syntax error: missing ';' before identifier 'contents' [C:\Users\ducth\OneDrive\Desktop\TheBoy\server\server\node_modules\uws\build\uws.vcxproj]
C:\Users\ducth\OneDrive\Desktop\TheBoy\server\server\node_modules\uws\src\addon.h(45,35): error C2065: 'contents': undeclared identifier [C:\Users\ducth\OneDrive\Desktop\TheBoy\server\server\node_modules\uws\build\uws.vcxproj]
C:\Users\ducth\OneDrive\Desktop\TheBoy\server\server\node_modules\uws\src\addon.h(45,73): error C2039: 'GetContents': is not a member of 'v8::ArrayBuffer' [C:\Users\ducth\OneDrive\Desktop\TheBoy\server\server\node_modules\uws\build\uws.vcxproj]
C:\Users\ducth\AppData\Local\node-gyp\Cache\18.17.1\include\node\v8-wasm.h(18,7): message : see declaration of 'v8::ArrayBuffer' [C:\Users\ducth\OneDrive\Desktop\TheBoy\server\server\node_modules\uws\build\uws.vcxproj]
C:\Users\ducth\OneDrive\Desktop\TheBoy\server\server\node_modules\uws\src\addon.h(46,22): error C2065: 'contents': undeclared identifier [C:\Users\ducth\OneDrive\Desktop\TheBoy\server\server\node_modules\uws\build\uws.vcxproj]
C:\Users\ducth\OneDrive\Desktop\TheBoy\server\server\node_modules\uws\src\addon.h(47,29): error C2065: 'contents': undeclared identifier [C:\Users\ducth\OneDrive\Desktop\TheBoy\server\server\node_modules\uws\build\uws.vcxproj]
C:\Users\ducth\OneDrive\Desktop\TheBoy\server\server\node_modules\uws\src\addon.h(50,26): error C2039: 'Contents': is not a member of 'v8::ArrayBuffer' [C:\Users\ducth\OneDrive\Desktop\TheBoy\server\server\node_modules\uws\build\uws.vcxproj]
C:\Users\ducth\AppData\Local\node-gyp\Cache\18.17.1\include\node\v8-wasm.h(18,7): message : see declaration of 'v8::ArrayBuffer' [C:\Users\ducth\OneDrive\Desktop\TheBoy\server\server\node_modules\uws\build\uws.vcxproj]
C:\Users\ducth\OneDrive\Desktop\TheBoy\server\server\node_modules\uws\src\addon.h(50,26): error C2065: 'Contents': undeclared identifier [C:\Users\ducth\OneDrive\Desktop\TheBoy\server\server\node_modules\uws\build\uws.vcxproj]
C:\Users\ducth\OneDrive\Desktop\TheBoy\server\server\node_modules\uws\src\addon.h(50,35): error C2146: syntax error: missing ';' before identifier 'contents' [C:\Users\ducth\OneDrive\Desktop\TheBoy\server\server\node_modules\uws\build\uws.vcxproj]
C:\Users\ducth\OneDrive\Desktop\TheBoy\server\server\node_modules\uws\src\addon.h(50,35): error C2065: 'contents': undeclared identifier [C:\Users\ducth\OneDrive\Desktop\TheBoy\server\server\node_modules\uws\build\uws.vcxproj]
C:\Users\ducth\OneDrive\Desktop\TheBoy\server\server\node_modules\uws\src\addon.h(50,59): error C2039: 'GetContents': is not a member of 'v8::ArrayBuffer' [C:\Users\ducth\OneDrive\Desktop\TheBoy\server\server\node_modules\uws\build\uws.vcxproj]
C:\Users\ducth\AppData\Local\node-gyp\Cache\18.17.1\include\node\v8-wasm.h(18,7): message : see declaration of 'v8::ArrayBuffer' [C:\Users\ducth\OneDrive\Desktop\TheBoy\server\server\node_modules\uws\build\uws.vcxproj]
C:\Users\ducth\OneDrive\Desktop\TheBoy\server\server\node_modules\uws\src\addon.h(51,22): error C2065: 'contents': undeclared identifier [C:\Users\ducth\OneDrive\Desktop\TheBoy\server\server\node_modules\uws\build\uws.vcxproj]
C:\Users\ducth\OneDrive\Desktop\TheBoy\server\server\node_modules\uws\src\addon.h(52,29): error C2065: 'contents': undeclared identifier [C:\Users\ducth\OneDrive\Desktop\TheBoy\server\server\node_modules\uws\build\uws.vcxproj]
C:\Users\ducth\OneDrive\Desktop\TheBoy\server\server\node_modules\uws\src\addon.h(102,72): error C2661: 'v8::ArrayBuffer::New': no overloaded function takes 3 arguments [C:\Users\ducth\OneDrive\Desktop\TheBoy\server\server\node_modules\uws\build\uws.vcxproj]
C:\Users\ducth\OneDrive\Desktop\TheBoy\server\server\node_modules\uws\src\addon.h(102,72): message : while trying to match the argument list '(v8::Isolate *, char *, size_t)' [C:\Users\ducth\OneDrive\Desktop\TheBoy\server\server\node_modules\uws\build\uws.vcxproj]
C:\Users\ducth\OneDrive\Desktop\TheBoy\server\server\node_modules\uws\src\addon.h(102,174): error C2039: 'kNormalString': is not a member of 'v8::String' [C:\Users\ducth\OneDrive\Desktop\TheBoy\server\server\node_modules\uws\build\uws.vcxproj]
C:\Users\ducth\AppData\Local\node-gyp\Cache\18.17.1\include\node\v8-value-serializer.h(23,7): message : see declaration of 'v8::String' [C:\Users\ducth\OneDrive\Desktop\TheBoy\server\server\node_modules\uws\build\uws.vcxproj]
C:\Users\ducth\OneDrive\Desktop\TheBoy\server\server\node_modules\uws\src\addon.h(102,174): error C2065: 'kNormalString': undeclared identifier [C:\Users\ducth\OneDrive\Desktop\TheBoy\server\server\node_modules\uws\build\uws.vcxproj]
C:\Users\ducth\OneDrive\Desktop\TheBoy\server\server\node_modules\uws\src\addon.h(223,49): error C2660: 'v8::Value::ToObject': function does not take 0 arguments [C:\Users\ducth\OneDrive\Desktop\TheBoy\server\server\node_modules\uws\build\uws.vcxproj]
C:\Users\ducth\AppData\Local\node-gyp\Cache\18.17.1\include\node\v8-value.h(372,44): message : see declaration of 'v8::Value::ToObject' [C:\Users\ducth\OneDrive\Desktop\TheBoy\server\server\node_modules\uws\build\uws.vcxproj]
C:\Users\ducth\OneDrive\Desktop\TheBoy\server\server\node_modules\uws\src\addon.h(223,49): message : while trying to match the argument list '()' [C:\Users\ducth\OneDrive\Desktop\TheBoy\server\server\node_modules\uws\build\uws.vcxproj]
C:\Users\ducth\OneDrive\Desktop\TheBoy\server\server\node_modules\uws\src\addon.h(223,63): error C2039: 'GetAlignedPointerFromInternalField': is not a member of 'v8::MaybeLocal<v8::Object>' [C:\Users\ducth\OneDrive\Desktop\TheBoy\server\server\node_modules\uws\build\uws.vcxproj]
C:\Users\ducth\AppData\Local\node-gyp\Cache\18.17.1\include\node\v8-value.h(372,25): message : see declaration of 'v8::MaybeLocal<v8::Object>' [C:\Users\ducth\OneDrive\Desktop\TheBoy\server\server\node_modules\uws\build\uws.vcxproj]
C:\Users\ducth\OneDrive\Desktop\TheBoy\server\server\node_modules\uws\src\addon.h(225,29): error C2660: 'v8::Value::IntegerValue': function does not take 0 arguments [C:\Users\ducth\OneDrive\Desktop\TheBoy\server\server\node_modules\uws\build\uws.vcxproj]
C:\Users\ducth\AppData\Local\node-gyp\Cache\18.17.1\include\node\v8-value.h(413,40): message : see declaration of 'v8::Value::IntegerValue' [C:\Users\ducth\OneDrive\Desktop\TheBoy\server\server\node_modules\uws\build\uws.vcxproj]
C:\Users\ducth\OneDrive\Desktop\TheBoy\server\server\node_modules\uws\src\addon.h(225,29): message : while trying to match the argument list '()' [C:\Users\ducth\OneDrive\Desktop\TheBoy\server\server\node_modules\uws\build\uws.vcxproj]
C:\Users\ducth\OneDrive\Desktop\TheBoy\server\server\node_modules\uws\src\addon.h(225,43): error C2440: '=': cannot convert from 'v8::Maybe<int64_t>' to 'uv_os_sock_t' [C:\Users\ducth\OneDrive\Desktop\TheBoy\server\server\node_modules\uws\build\uws.vcxproj]
C:\Users\ducth\OneDrive\Desktop\TheBoy\server\server\node_modules\uws\src\addon.h(225,43): message : No user-defined-conversion operator available that can perform this conversion, or the operator cannot be called [C:\Users\ducth\OneDrive\Desktop\TheBoy\server\server\node_modules\uws\build\uws.vcxproj]
C:\Users\ducth\OneDrive\Desktop\TheBoy\server\server\node_modules\uws\src\addon.h(339,15): warning C4996: 'node::MakeCallback': was declared deprecated [C:\Users\ducth\OneDrive\Desktop\TheBoy\server\server\node_modules\uws\build\uws.vcxproj]
C:\Users\ducth\OneDrive\Desktop\TheBoy\server\server\node_modules\uws\src\addon.h(403,11): error C2660: 'v8::Function::Call': function does not take 3 arguments [C:\Users\ducth\OneDrive\Desktop\TheBoy\server\server\node_modules\uws\build\uws.vcxproj]
C:\Users\ducth\AppData\Local\node-gyp\Cache\18.17.1\include\node\v8-function.h(55,43): message : see declaration of 'v8::Function::Call' [C:\Users\ducth\OneDrive\Desktop\TheBoy\server\server\node_modules\uws\build\uws.vcxproj]
C:\Users\ducth\OneDrive\Desktop\TheBoy\server\server\node_modules\uws\src\addon.h(403,11): message : while trying to match the argument list '(v8::Local<v8::Primitive>, int, v8::Local<v8::Value> [1])' [C:\Users\ducth\OneDrive\Desktop\TheBoy\server\server\node_modules\uws\build\uws.vcxproj]
C:\Users\ducth\OneDrive\Desktop\TheBoy\server\server\node_modules\uws\src\addon.h(416,33): error C2660: 'v8::Value::IntegerValue': function does not take 0 arguments [C:\Users\ducth\OneDrive\Desktop\TheBoy\server\server\node_modules\uws\build\uws.vcxproj]
C:\Users\ducth\AppData\Local\node-gyp\Cache\18.17.1\include\node\v8-value.h(413,40): message : see declaration of 'v8::Value::IntegerValue' [C:\Users\ducth\OneDrive\Desktop\TheBoy\server\server\node_modules\uws\build\uws.vcxproj]
C:\Users\ducth\OneDrive\Desktop\TheBoy\server\server\node_modules\uws\src\addon.h(416,33): message : while trying to match the argument list '()' [C:\Users\ducth\OneDrive\Desktop\TheBoy\server\server\node_modules\uws\build\uws.vcxproj]
C:\Users\ducth\OneDrive\Desktop\TheBoy\server\server\node_modules\uws\src\addon.h(425,23): error C2660: 'v8::Value::IntegerValue': function does not take 0 arguments [C:\Users\ducth\OneDrive\Desktop\TheBoy\server\server\node_modules\uws\build\uws.vcxproj]
C:\Users\ducth\AppData\Local\node-gyp\Cache\18.17.1\include\node\v8-value.h(413,40): message : see declaration of 'v8::Value::IntegerValue' [C:\Users\ducth\OneDrive\Desktop\TheBoy\server\server\node_modules\uws\build\uws.vcxproj]
C:\Users\ducth\OneDrive\Desktop\TheBoy\server\server\node_modules\uws\src\addon.h(425,23): message : while trying to match the argument list '()' [C:\Users\ducth\OneDrive\Desktop\TheBoy\server\server\node_modules\uws\build\uws.vcxproj]
C:\Users\ducth\OneDrive\Desktop\TheBoy\server\server\node_modules\uws\src\http.h(31,123): error C2039: 'kNormalString': is not a member of 'v8::String' [C:\Users\ducth\OneDrive\Desktop\TheBoy\server\server\node_modules\uws\build\uws.vcxproj]
C:\Users\ducth\AppData\Local\node-gyp\Cache\18.17.1\include\node\v8-value-serializer.h(23,7): message : see declaration of 'v8::String' [C:\Users\ducth\OneDrive\Desktop\TheBoy\server\server\node_modules\uws\build\uws.vcxproj]
C:\Users\ducth\OneDrive\Desktop\TheBoy\server\server\node_modules\uws\src\http.h(31,123): error C2065: 'kNormalString': undeclared identifier [C:\Users\ducth\OneDrive\Desktop\TheBoy\server\server\node_modules\uws\build\uws.vcxproj]
C:\Users\ducth\OneDrive\Desktop\TheBoy\server\server\node_modules\uws\src\http.h(42,30): warning C4311: 'type cast': pointer truncation from 'void *' to 'long' [C:\Users\ducth\OneDrive\Desktop\TheBoy\server\server\node_modules\uws\build\uws.vcxproj]
C:\Users\ducth\OneDrive\Desktop\TheBoy\server\server\node_modules\uws\src\http.h(42,30): warning C4302: 'type cast': truncation from 'void *' to 'long' [C:\Users\ducth\OneDrive\Desktop\TheBoy\server\server\node_modules\uws\build\uws.vcxproj]
C:\Users\ducth\OneDrive\Desktop\TheBoy\server\server\node_modules\uws\src\http.h(45,112): error C2039: 'kNormalString': is not a member of 'v8::String' [C:\Users\ducth\OneDrive\Desktop\TheBoy\server\server\node_modules\uws\build\uws.vcxproj]
C:\Users\ducth\AppData\Local\node-gyp\Cache\18.17.1\include\node\v8-value-serializer.h(23,7): message : see declaration of 'v8::String' [C:\Users\ducth\OneDrive\Desktop\TheBoy\server\server\node_modules\uws\build\uws.vcxproj]
C:\Users\ducth\OneDrive\Desktop\TheBoy\server\server\node_modules\uws\src\http.h(45,112): error C2065: 'kNormalString': undeclared identifier [C:\Users\ducth\OneDrive\Desktop\TheBoy\server\server\node_modules\uws\build\uws.vcxproj]
C:\Users\ducth\OneDrive\Desktop\TheBoy\server\server\node_modules\uws\src\http.h(48,112): error C2039: 'kNormalString': is not a member of 'v8::String' [C:\Users\ducth\OneDrive\Desktop\TheBoy\server\server\node_modules\uws\build\uws.vcxproj]
C:\Users\ducth\AppData\Local\node-gyp\Cache\18.17.1\include\node\v8-value-serializer.h(23,7): message : see declaration of 'v8::String' [C:\Users\ducth\OneDrive\Desktop\TheBoy\server\server\node_modules\uws\build\uws.vcxproj]
C:\Users\ducth\OneDrive\Desktop\TheBoy\server\server\node_modules\uws\src\http.h(48,112): error C2065: 'kNormalString': undeclared identifier [C:\Users\ducth\OneDrive\Desktop\TheBoy\server\server\node_modules\uws\build\uws.vcxproj]
C:\Users\ducth\OneDrive\Desktop\TheBoy\server\server\node_modules\uws\src\http.h(51,113): error C2039: 'kNormalString': is not a member of 'v8::String' [C:\Users\ducth\OneDrive\Desktop\TheBoy\server\server\node_modules\uws\build\uws.vcxproj]
C:\Users\ducth\AppData\Local\node-gyp\Cache\18.17.1\include\node\v8-value-serializer.h(23,7): message : see declaration of 'v8::String' [C:\Users\ducth\OneDrive\Desktop\TheBoy\server\server\node_modules\uws\build\uws.vcxproj]
C:\Users\ducth\OneDrive\Desktop\TheBoy\server\server\node_modules\uws\src\http.h(51,113): error C2065: 'kNormalString': undeclared identifier [C:\Users\ducth\OneDrive\Desktop\TheBoy\server\server\node_modules\uws\build\uws.vcxproj]
C:\Users\ducth\OneDrive\Desktop\TheBoy\server\server\node_modules\uws\src\http.h(54,113): error C2039: 'kNormalString': is not a member of 'v8::String' [C:\Users\ducth\OneDrive\Desktop\TheBoy\server\server\node_modules\uws\build\uws.vcxproj]
C:\Users\ducth\AppData\Local\node-gyp\Cache\18.17.1\include\node\v8-value-serializer.h(23,7): message : see declaration of 'v8::String' [C:\Users\ducth\OneDrive\Desktop\TheBoy\server\server\node_modules\uws\build\uws.vcxproj]
C:\Users\ducth\OneDrive\Desktop\TheBoy\server\server\node_modules\uws\src\http.h(54,113): error C2065: 'kNormalString': undeclared identifier [C:\Users\ducth\OneDrive\Desktop\TheBoy\server\server\node_modules\uws\build\uws.vcxproj]
C:\Users\ducth\OneDrive\Desktop\TheBoy\server\server\node_modules\uws\src\http.h(57,114): error C2039: 'kNormalString': is not a member of 'v8::String' [C:\Users\ducth\OneDrive\Desktop\TheBoy\server\server\node_modules\uws\build\uws.vcxproj]
C:\Users\ducth\AppData\Local\node-gyp\Cache\18.17.1\include\node\v8-value-serializer.h(23,7): message : see declaration of 'v8::String' [C:\Users\ducth\OneDrive\Desktop\TheBoy\server\server\node_modules\uws\build\uws.vcxproj]
C:\Users\ducth\OneDrive\Desktop\TheBoy\server\server\node_modules\uws\src\http.h(57,114): error C2065: 'kNormalString': undeclared identifier [C:\Users\ducth\OneDrive\Desktop\TheBoy\server\server\node_modules\uws\build\uws.vcxproj]
C:\Users\ducth\OneDrive\Desktop\TheBoy\server\server\node_modules\uws\src\http.h(60,114): error C2039: 'kNormalString': is not a member of 'v8::String' [C:\Users\ducth\OneDrive\Desktop\TheBoy\server\server\node_modules\uws\build\uws.vcxproj]
C:\Users\ducth\AppData\Local\node-gyp\Cache\18.17.1\include\node\v8-value-serializer.h(23,7): message : see declaration of 'v8::String' [C:\Users\ducth\OneDrive\Desktop\TheBoy\server\server\node_modules\uws\build\uws.vcxproj]
C:\Users\ducth\OneDrive\Desktop\TheBoy\server\server\node_modules\uws\src\http.h(60,114): error C2065: 'kNormalString': undeclared identifier [C:\Users\ducth\OneDrive\Desktop\TheBoy\server\server\node_modules\uws\build\uws.vcxproj]
C:\Users\ducth\OneDrive\Desktop\TheBoy\server\server\node_modules\uws\src\http.h(63,115): error C2039: 'kNormalString': is not a member of 'v8::String' [C:\Users\ducth\OneDrive\Desktop\TheBoy\server\server\node_modules\uws\build\uws.vcxproj]
C:\Users\ducth\AppData\Local\node-gyp\Cache\18.17.1\include\node\v8-value-serializer.h(23,7): message : see declaration of 'v8::String' [C:\Users\ducth\OneDrive\Desktop\TheBoy\server\server\node_modules\uws\build\uws.vcxproj]
C:\Users\ducth\OneDrive\Desktop\TheBoy\server\server\node_modules\uws\src\http.h(63,115): error C2065: 'kNormalString': undeclared identifier [C:\Users\ducth\OneDrive\Desktop\TheBoy\server\server\node_modules\uws\build\uws.vcxproj]
C:\Users\ducth\OneDrive\Desktop\TheBoy\server\server\node_modules\uws\src\http.h(66,116): error C2039: 'kNormalString': is not a member of 'v8::String' [C:\Users\ducth\OneDrive\Desktop\TheBoy\server\server\node_modules\uws\build\uws.vcxproj]
C:\Users\ducth\AppData\Local\node-gyp\Cache\18.17.1\include\node\v8-value-serializer.h(23,7): message : see declaration of 'v8::String' [C:\Users\ducth\OneDrive\Desktop\TheBoy\server\server\node_modules\uws\build\uws.vcxproj]
C:\Users\ducth\OneDrive\Desktop\TheBoy\server\server\node_modules\uws\src\http.h(66,116): error C2065: 'kNormalString': undeclared identifier [C:\Users\ducth\OneDrive\Desktop\TheBoy\server\server\node_modules\uws\build\uws.vcxproj]
C:\Users\ducth\OneDrive\Desktop\TheBoy\server\server\node_modules\uws\src\http.h(69,116): error C2039: 'kNormalString': is not a member of 'v8::String' [C:\Users\ducth\OneDrive\Desktop\TheBoy\server\server\node_modules\uws\build\uws.vcxproj]
C:\Users\ducth\AppData\Local\node-gyp\Cache\18.17.1\include\node\v8-value-serializer.h(23,7): message : see declaration of 'v8::String' [C:\Users\ducth\OneDrive\Desktop\TheBoy\server\server\node_modules\uws\build\uws.vcxproj]
C:\Users\ducth\OneDrive\Desktop\TheBoy\server\server\node_modules\uws\src\http.h(69,116): error C2065: 'kNormalString': undeclared identifier [C:\Users\ducth\OneDrive\Desktop\TheBoy\server\server\node_modules\uws\build\uws.vcxproj]
C:\Users\ducth\OneDrive\Desktop\TheBoy\server\server\node_modules\uws\src\http.h(90,29): error C2664: 'void v8::FunctionTemplate::SetClassName(v8::Local<v8::String>)': cannot convert argument 1 from 'v8::MaybeLocal<v8::String>' to 'v8::Local<v8::String>' [C:\Users\ducth\OneDrive\Desktop\TheBoy\server\server\node_modules\uws\build\uws.vcxproj]
C:\Users\ducth\OneDrive\Desktop\TheBoy\server\server\node_modules\uws\src\http.h(90,63): message : No user-defined-conversion operator available that can perform this conversion, or the operator cannot be called [C:\Users\ducth\OneDrive\Desktop\TheBoy\server\server\node_modules\uws\build\uws.vcxproj]
C:\Users\ducth\AppData\Local\node-gyp\Cache\18.17.1\include\node\v8-template.h(568,8): message : see declaration of 'v8::FunctionTemplate::SetClassName' [C:\Users\ducth\OneDrive\Desktop\TheBoy\server\server\node_modules\uws\build\uws.vcxproj]
C:\Users\ducth\OneDrive\Desktop\TheBoy\server\server\node_modules\uws\src\http.h(90,29): message : while trying to match the argument list '(v8::MaybeLocal<v8::String>)' [C:\Users\ducth\OneDrive\Desktop\TheBoy\server\server\node_modules\uws\build\uws.vcxproj]
C:\Users\ducth\OneDrive\Desktop\TheBoy\server\server\node_modules\uws\src\http.h(92,50): error C2665: 'v8::ObjectTemplate::SetAccessor': no overloaded function could convert all the argument types [C:\Users\ducth\OneDrive\Desktop\TheBoy\server\server\node_modules\uws\build\uws.vcxproj]
C:\Users\ducth\AppData\Local\node-gyp\Cache\18.17.1\include\node\v8-template.h(852,8): message : could be 'void v8::ObjectTemplate::SetAccessor(v8::Local<v8::Name>,v8::AccessorNameGetterCallback,v8::AccessorNameSetterCallback,v8::Local<v8::Value>,v8::AccessControl,v8::PropertyAttribute,v8::SideEffectType,v8::SideEffectType)' [C:\Users\ducth\OneDrive\Desktop\TheBoy\server\server\node_modules\uws\build\uws.vcxproj]
C:\Users\ducth\OneDrive\Desktop\TheBoy\server\server\node_modules\uws\src\http.h(92,50): message : 'void v8::ObjectTemplate::SetAccessor(v8::Local<v8::Name>,v8::AccessorNameGetterCallback,v8::AccessorNameSetterCallback,v8::Local<v8::Value>,v8::AccessControl,v8::PropertyAttribute,v8::SideEffectType,v8::SideEffectType)': cannot convert argument 1 from 'v8::MaybeLocal<v8::String>' to 'v8::Local<v8::Name>' [C:\Users\ducth\OneDrive\Desktop\TheBoy\server\server\node_modules\uws\build\uws.vcxproj]
C:\Users\ducth\OneDrive\Desktop\TheBoy\server\server\node_modules\uws\src\http.h(92,83): message : No user-defined-conversion operator available that can perform this conversion, or the operator cannot be called [C:\Users\ducth\OneDrive\Desktop\TheBoy\server\server\node_modules\uws\build\uws.vcxproj]
C:\Users\ducth\AppData\Local\node-gyp\Cache\18.17.1\include\node\v8-template.h(845,8): message : or       'void v8::ObjectTemplate::SetAccessor(v8::Local<v8::String>,v8::AccessorGetterCallback,v8::AccessorSetterCallback,v8::Local<v8::Value>,v8::AccessControl,v8::PropertyAttribute,v8::SideEffectType,v8::SideEffectType)' [C:\Users\ducth\OneDrive\Desktop\TheBoy\server\server\node_modules\uws\build\uws.vcxproj]
C:\Users\ducth\OneDrive\Desktop\TheBoy\server\server\node_modules\uws\src\http.h(92,50): message : 'void v8::ObjectTemplate::SetAccessor(v8::Local<v8::String>,v8::AccessorGetterCallback,v8::AccessorSetterCallback,v8::Local<v8::Value>,v8::AccessControl,v8::PropertyAttribute,v8::SideEffectType,v8::SideEffectType)': cannot convert argument 1 from 'v8::MaybeLocal<v8::String>' to 'v8::Local<v8::String>' [C:\Users\ducth\OneDrive\Desktop\TheBoy\server\server\node_modules\uws\build\uws.vcxproj]
C:\Users\ducth\OneDrive\Desktop\TheBoy\server\server\node_modules\uws\src\http.h(92,83): message : No user-defined-conversion operator available that can perform this conversion, or the operator cannot be called [C:\Users\ducth\OneDrive\Desktop\TheBoy\server\server\node_modules\uws\build\uws.vcxproj]
C:\Users\ducth\OneDrive\Desktop\TheBoy\server\server\node_modules\uws\src\http.h(92,50): message : while trying to match the argument list '(v8::MaybeLocal<v8::String>, overloaded-function)' [C:\Users\ducth\OneDrive\Desktop\TheBoy\server\server\node_modules\uws\build\uws.vcxproj]
C:\Users\ducth\OneDrive\Desktop\TheBoy\server\server\node_modules\uws\src\http.h(93,50): error C2665: 'v8::ObjectTemplate::SetAccessor': no overloaded function could convert all the argument types [C:\Users\ducth\OneDrive\Desktop\TheBoy\server\server\node_modules\uws\build\uws.vcxproj]
C:\Users\ducth\AppData\Local\node-gyp\Cache\18.17.1\include\node\v8-template.h(852,8): message : could be 'void v8::ObjectTemplate::SetAccessor(v8::Local<v8::Name>,v8::AccessorNameGetterCallback,v8::AccessorNameSetterCallback,v8::Local<v8::Value>,v8::AccessControl,v8::PropertyAttribute,v8::SideEffectType,v8::SideEffectType)' [C:\Users\ducth\OneDrive\Desktop\TheBoy\server\server\node_modules\uws\build\uws.vcxproj]
C:\Users\ducth\OneDrive\Desktop\TheBoy\server\server\node_modules\uws\src\http.h(93,50): message : 'void v8::ObjectTemplate::SetAccessor(v8::Local<v8::Name>,v8::AccessorNameGetterCallback,v8::AccessorNameSetterCallback,v8::Local<v8::Value>,v8::AccessControl,v8::PropertyAttribute,v8::SideEffectType,v8::SideEffectType)': cannot convert argument 1 from 'v8::MaybeLocal<v8::String>' to 'v8::Local<v8::Name>' [C:\Users\ducth\OneDrive\Desktop\TheBoy\server\server\node_modules\uws\build\uws.vcxproj]
C:\Users\ducth\OneDrive\Desktop\TheBoy\server\server\node_modules\uws\src\http.h(93,83): message : No user-defined-conversion operator available that can perform this conversion, or the operator cannot be called [C:\Users\ducth\OneDrive\Desktop\TheBoy\server\server\node_modules\uws\build\uws.vcxproj]
C:\Users\ducth\AppData\Local\node-gyp\Cache\18.17.1\include\node\v8-template.h(845,8): message : or       'void v8::ObjectTemplate::SetAccessor(v8::Local<v8::String>,v8::AccessorGetterCallback,v8::AccessorSetterCallback,v8::Local<v8::Value>,v8::AccessControl,v8::PropertyAttribute,v8::SideEffectType,v8::SideEffectType)' [C:\Users\ducth\OneDrive\Desktop\TheBoy\server\server\node_modules\uws\build\uws.vcxproj]
C:\Users\ducth\OneDrive\Desktop\TheBoy\server\server\node_modules\uws\src\http.h(93,50): message : 'void v8::ObjectTemplate::SetAccessor(v8::Local<v8::String>,v8::AccessorGetterCallback,v8::AccessorSetterCallback,v8::Local<v8::Value>,v8::AccessControl,v8::PropertyAttribute,v8::SideEffectType,v8::SideEffectType)': cannot convert argument 1 from 'v8::MaybeLocal<v8::String>' to 'v8::Local<v8::String>' [C:\Users\ducth\OneDrive\Desktop\TheBoy\server\server\node_modules\uws\build\uws.vcxproj]
C:\Users\ducth\OneDrive\Desktop\TheBoy\server\server\node_modules\uws\src\http.h(93,83): message : No user-defined-conversion operator available that can perform this conversion, or the operator cannot be called [C:\Users\ducth\OneDrive\Desktop\TheBoy\server\server\node_modules\uws\build\uws.vcxproj]
C:\Users\ducth\OneDrive\Desktop\TheBoy\server\server\node_modules\uws\src\http.h(93,50): message : while trying to match the argument list '(v8::MaybeLocal<v8::String>, overloaded-function)' [C:\Users\ducth\OneDrive\Desktop\TheBoy\server\server\node_modules\uws\build\uws.vcxproj]
C:\Users\ducth\OneDrive\Desktop\TheBoy\server\server\node_modules\uws\src\http.h(94,50): error C2665: 'v8::Template::Set': no overloaded function could convert all the argument types [C:\Users\ducth\OneDrive\Desktop\TheBoy\server\server\node_modules\uws\build\uws.vcxproj]
C:\Users\ducth\AppData\Local\node-gyp\Cache\18.17.1\include\node\v8-template.h(52,8): message : could be 'void v8::Template::Set(v8::Local<v8::Name>,v8::Local<v8::Data>,v8::PropertyAttribute)' [C:\Users\ducth\OneDrive\Desktop\TheBoy\server\server\node_modules\uws\build\uws.vcxproj]
C:\Users\ducth\OneDrive\Desktop\TheBoy\server\server\node_modules\uws\src\http.h(94,50): message : 'void v8::Template::Set(v8::Local<v8::Name>,v8::Local<v8::Data>,v8::PropertyAttribute)': cannot convert argument 1 from 'v8::MaybeLocal<v8::String>' to 'v8::Local<v8::Name>' [C:\Users\ducth\OneDrive\Desktop\TheBoy\server\server\node_modules\uws\build\uws.vcxproj]
C:\Users\ducth\OneDrive\Desktop\TheBoy\server\server\node_modules\uws\src\http.h(94,75): message : No user-defined-conversion operator available that can perform this conversion, or the operator cannot be called [C:\Users\ducth\OneDrive\Desktop\TheBoy\server\server\node_modules\uws\build\uws.vcxproj]
C:\Users\ducth\OneDrive\Desktop\TheBoy\server\server\node_modules\uws\src\http.h(94,50): message : while trying to match the argument list '(v8::MaybeLocal<v8::String>, v8::Local<v8::FunctionTemplate>)' [C:\Users\ducth\OneDrive\Desktop\TheBoy\server\server\node_modules\uws\build\uws.vcxproj]
C:\Users\ducth\OneDrive\Desktop\TheBoy\server\server\node_modules\uws\src\http.h(95,50): error C2665: 'v8::Template::Set': no overloaded function could convert all the argument types [C:\Users\ducth\OneDrive\Desktop\TheBoy\server\server\node_modules\uws\build\uws.vcxproj]
C:\Users\ducth\AppData\Local\node-gyp\Cache\18.17.1\include\node\v8-template.h(52,8): message : could be 'void v8::Template::Set(v8::Local<v8::Name>,v8::Local<v8::Data>,v8::PropertyAttribute)' [C:\Users\ducth\OneDrive\Desktop\TheBoy\server\server\node_modules\uws\build\uws.vcxproj]
C:\Users\ducth\OneDrive\Desktop\TheBoy\server\server\node_modules\uws\src\http.h(95,50): message : 'void v8::Template::Set(v8::Local<v8::Name>,v8::Local<v8::Data>,v8::PropertyAttribute)': cannot convert argument 1 from 'v8::MaybeLocal<v8::String>' to 'v8::Local<v8::Name>' [C:\Users\ducth\OneDrive\Desktop\TheBoy\server\server\node_modules\uws\build\uws.vcxproj]
C:\Users\ducth\OneDrive\Desktop\TheBoy\server\server\node_modules\uws\src\http.h(95,75): message : No user-defined-conversion operator available that can perform this conversion, or the operator cannot be called [C:\Users\ducth\OneDrive\Desktop\TheBoy\server\server\node_modules\uws\build\uws.vcxproj]
C:\Users\ducth\OneDrive\Desktop\TheBoy\server\server\node_modules\uws\src\http.h(95,50): message : while trying to match the argument list '(v8::MaybeLocal<v8::String>, v8::Local<v8::FunctionTemplate>)' [C:\Users\ducth\OneDrive\Desktop\TheBoy\server\server\node_modules\uws\build\uws.vcxproj]
C:\Users\ducth\OneDrive\Desktop\TheBoy\server\server\node_modules\uws\src\http.h(96,50): error C2665: 'v8::Template::Set': no overloaded function could convert all the argument types [C:\Users\ducth\OneDrive\Desktop\TheBoy\server\server\node_modules\uws\build\uws.vcxproj]
C:\Users\ducth\AppData\Local\node-gyp\Cache\18.17.1\include\node\v8-template.h(52,8): message : could be 'void v8::Template::Set(v8::Local<v8::Name>,v8::Local<v8::Data>,v8::PropertyAttribute)' [C:\Users\ducth\OneDrive\Desktop\TheBoy\server\server\node_modules\uws\build\uws.vcxproj]
C:\Users\ducth\OneDrive\Desktop\TheBoy\server\server\node_modules\uws\src\http.h(96,50): message : 'void v8::Template::Set(v8::Local<v8::Name>,v8::Local<v8::Data>,v8::PropertyAttribute)': cannot convert argument 1 from 'v8::MaybeLocal<v8::String>' to 'v8::Local<v8::Name>' [C:\Users\ducth\OneDrive\Desktop\TheBoy\server\server\node_modules\uws\build\uws.vcxproj]
C:\Users\ducth\OneDrive\Desktop\TheBoy\server\server\node_modules\uws\src\http.h(96,75): message : No user-defined-conversion operator available that can perform this conversion, or the operator cannot be called [C:\Users\ducth\OneDrive\Desktop\TheBoy\server\server\node_modules\uws\build\uws.vcxproj]
C:\Users\ducth\OneDrive\Desktop\TheBoy\server\server\node_modules\uws\src\http.h(96,50): message : while trying to match the argument list '(v8::MaybeLocal<v8::String>, v8::Local<v8::FunctionTemplate>)' [C:\Users\ducth\OneDrive\Desktop\TheBoy\server\server\node_modules\uws\build\uws.vcxproj]
C:\Users\ducth\OneDrive\Desktop\TheBoy\server\server\node_modules\uws\src\http.h(97,50): error C2665: 'v8::Template::Set': no overloaded function could convert all the argument types [C:\Users\ducth\OneDrive\Desktop\TheBoy\server\server\node_modules\uws\build\uws.vcxproj]
C:\Users\ducth\AppData\Local\node-gyp\Cache\18.17.1\include\node\v8-template.h(52,8): message : could be 'void v8::Template::Set(v8::Local<v8::Name>,v8::Local<v8::Data>,v8::PropertyAttribute)' [C:\Users\ducth\OneDrive\Desktop\TheBoy\server\server\node_modules\uws\build\uws.vcxproj]
C:\Users\ducth\OneDrive\Desktop\TheBoy\server\server\node_modules\uws\src\http.h(97,50): message : 'void v8::Template::Set(v8::Local<v8::Name>,v8::Local<v8::Data>,v8::PropertyAttribute)': cannot convert argument 1 from 'v8::MaybeLocal<v8::String>' to 'v8::Local<v8::Name>' [C:\Users\ducth\OneDrive\Desktop\TheBoy\server\server\node_modules\uws\build\uws.vcxproj]
C:\Users\ducth\OneDrive\Desktop\TheBoy\server\server\node_modules\uws\src\http.h(97,75): message : No user-defined-conversion operator available that can perform this conversion, or the operator cannot be called [C:\Users\ducth\OneDrive\Desktop\TheBoy\server\server\node_modules\uws\build\uws.vcxproj]
C:\Users\ducth\OneDrive\Desktop\TheBoy\server\server\node_modules\uws\src\http.h(97,50): message : while trying to match the argument list '(v8::MaybeLocal<v8::String>, v8::Local<v8::FunctionTemplate>)' [C:\Users\ducth\OneDrive\Desktop\TheBoy\server\server\node_modules\uws\build\uws.vcxproj]
C:\Users\ducth\OneDrive\Desktop\TheBoy\server\server\node_modules\uws\src\http.h(99,60): error C2660: 'v8::FunctionTemplate::GetFunction': function does not take 0 arguments [C:\Users\ducth\OneDrive\Desktop\TheBoy\server\server\node_modules\uws\build\uws.vcxproj]
C:\Users\ducth\AppData\Local\node-gyp\Cache\18.17.1\include\node\v8-template.h(513,46): message : see declaration of 'v8::FunctionTemplate::GetFunction' [C:\Users\ducth\OneDrive\Desktop\TheBoy\server\server\node_modules\uws\build\uws.vcxproj]
C:\Users\ducth\OneDrive\Desktop\TheBoy\server\server\node_modules\uws\src\http.h(99,60): message : while trying to match the argument list '()' [C:\Users\ducth\OneDrive\Desktop\TheBoy\server\server\node_modules\uws\build\uws.vcxproj]
C:\Users\ducth\OneDrive\Desktop\TheBoy\server\server\node_modules\uws\src\http.h(99,77): error C2039: 'NewInstance': is not a member of 'v8::MaybeLocal<v8::Function>' [C:\Users\ducth\OneDrive\Desktop\TheBoy\server\server\node_modules\uws\build\uws.vcxproj]
C:\Users\ducth\AppData\Local\node-gyp\Cache\18.17.1\include\node\v8-script.h(653,32): message : see declaration of 'v8::MaybeLocal<v8::Function>' [C:\Users\ducth\OneDrive\Desktop\TheBoy\server\server\node_modules\uws\build\uws.vcxproj]
C:\Users\ducth\OneDrive\Desktop\TheBoy\server\server\node_modules\uws\src\http.h(102,30): error C2039: 'SetNamedPropertyHandler': is not a member of 'v8::ObjectTemplate' [C:\Users\ducth\OneDrive\Desktop\TheBoy\server\server\node_modules\uws\build\uws.vcxproj]
C:\Users\ducth\AppData\Local\node-gyp\Cache\18.17.1\include\node\v8-template.h(791,17): message : see declaration of 'v8::ObjectTemplate' [C:\Users\ducth\OneDrive\Desktop\TheBoy\server\server\node_modules\uws\build\uws.vcxproj]
C:\Users\ducth\OneDrive\Desktop\TheBoy\server\server\node_modules\uws\src\http.h(104,89): error C2660: 'v8::ObjectTemplate::NewInstance': function does not take 0 arguments [C:\Users\ducth\OneDrive\Desktop\TheBoy\server\server\node_modules\uws\build\uws.vcxproj]
C:\Users\ducth\AppData\Local\node-gyp\Cache\18.17.1\include\node\v8-template.h(799,44): message : see declaration of 'v8::ObjectTemplate::NewInstance' [C:\Users\ducth\OneDrive\Desktop\TheBoy\server\server\node_modules\uws\build\uws.vcxproj]
C:\Users\ducth\OneDrive\Desktop\TheBoy\server\server\node_modules\uws\src\http.h(104,89): message : while trying to match the argument list '()' [C:\Users\ducth\OneDrive\Desktop\TheBoy\server\server\node_modules\uws\build\uws.vcxproj]
C:\Users\ducth\OneDrive\Desktop\TheBoy\server\server\node_modules\uws\src\http.h(137,72): error C2660: 'v8::Value::IntegerValue': function does not take 0 arguments [C:\Users\ducth\OneDrive\Desktop\TheBoy\server\server\node_modules\uws\build\uws.vcxproj]
C:\Users\ducth\AppData\Local\node-gyp\Cache\18.17.1\include\node\v8-value.h(413,40): message : see declaration of 'v8::Value::IntegerValue' [C:\Users\ducth\OneDrive\Desktop\TheBoy\server\server\node_modules\uws\build\uws.vcxproj]
C:\Users\ducth\OneDrive\Desktop\TheBoy\server\server\node_modules\uws\src\http.h(137,72): message : while trying to match the argument list '()' [C:\Users\ducth\OneDrive\Desktop\TheBoy\server\server\node_modules\uws\build\uws.vcxproj]
C:\Users\ducth\OneDrive\Desktop\TheBoy\server\server\node_modules\uws\src\http.h(147,74): error C2660: 'v8::Value::ToObject': function does not take 0 arguments [C:\Users\ducth\OneDrive\Desktop\TheBoy\server\server\node_modules\uws\build\uws.vcxproj]
C:\Users\ducth\AppData\Local\node-gyp\Cache\18.17.1\include\node\v8-value.h(372,44): message : see declaration of 'v8::Value::ToObject' [C:\Users\ducth\OneDrive\Desktop\TheBoy\server\server\node_modules\uws\build\uws.vcxproj]
C:\Users\ducth\OneDrive\Desktop\TheBoy\server\server\node_modules\uws\src\http.h(147,74): message : while trying to match the argument list '()' [C:\Users\ducth\OneDrive\Desktop\TheBoy\server\server\node_modules\uws\build\uws.vcxproj]
C:\Users\ducth\OneDrive\Desktop\TheBoy\server\server\node_modules\uws\src\http.h(147,49): error C2440: 'initializing': cannot convert from 'v8::MaybeLocal<v8::Object>' to 'v8::Local<v8::Object>' [C:\Users\ducth\OneDrive\Desktop\TheBoy\server\server\node_modules\uws\build\uws.vcxproj]
C:\Users\ducth\OneDrive\Desktop\TheBoy\server\server\node_modules\uws\src\http.h(147,49): message : 'v8::Local<v8::Object>::Local': no overloaded function could convert all the argument types [C:\Users\ducth\OneDrive\Desktop\TheBoy\server\server\node_modules\uws\build\uws.vcxproj]
C:\Users\ducth\AppData\Local\node-gyp\Cache\18.17.1\include\node\v8-local-handle.h(326,1): message : could be 'v8::Local<v8::Object>::Local(v8::Local<v8::Object> &&)' [C:\Users\ducth\OneDrive\Desktop\TheBoy\server\server\node_modules\uws\build\uws.vcxproj]
C:\Users\ducth\OneDrive\Desktop\TheBoy\server\server\node_modules\uws\src\http.h(147,49): message : 'v8::Local<v8::Object>::Local(v8::Local<v8::Object> &&)': cannot convert argument 1 from 'v8::MaybeLocal<v8::Object>' to 'v8::Local<v8::Object> &&' [C:\Users\ducth\OneDrive\Desktop\TheBoy\server\server\node_modules\uws\build\uws.vcxproj]
C:\Users\ducth\OneDrive\Desktop\TheBoy\server\server\node_modules\uws\src\http.h(147,84): message : Reason: cannot convert from 'v8::MaybeLocal<v8::Object>' to 'v8::Local<v8::Object>' [C:\Users\ducth\OneDrive\Desktop\TheBoy\server\server\node_modules\uws\build\uws.vcxproj]
C:\Users\ducth\OneDrive\Desktop\TheBoy\server\server\node_modules\uws\src\http.h(147,84): message : No user-defined-conversion operator available that can perform this conversion, or the operator cannot be called [C:\Users\ducth\OneDrive\Desktop\TheBoy\server\server\node_modules\uws\build\uws.vcxproj]
C:\Users\ducth\AppData\Local\node-gyp\Cache\18.17.1\include\node\v8-local-handle.h(326,1): message : or       'v8::Local<v8::Object>::Local(const v8::Local<v8::Object> &)' [C:\Users\ducth\OneDrive\Desktop\TheBoy\server\server\node_modules\uws\build\uws.vcxproj]
C:\Users\ducth\OneDrive\Desktop\TheBoy\server\server\node_modules\uws\src\http.h(147,49): message : 'v8::Local<v8::Object>::Local(const v8::Local<v8::Object> &)': cannot convert argument 1 from 'v8::MaybeLocal<v8::Object>' to 'const v8::Local<v8::Object> &' [C:\Users\ducth\OneDrive\Desktop\TheBoy\server\server\node_modules\uws\build\uws.vcxproj]
C:\Users\ducth\OneDrive\Desktop\TheBoy\server\server\node_modules\uws\src\http.h(147,84): message : Reason: cannot convert from 'v8::MaybeLocal<v8::Object>' to 'const v8::Local<v8::Object>' [C:\Users\ducth\OneDrive\Desktop\TheBoy\server\server\node_modules\uws\build\uws.vcxproj]
C:\Users\ducth\OneDrive\Desktop\TheBoy\server\server\node_modules\uws\src\http.h(147,84): message : No user-defined-conversion operator available that can perform this conversion, or the operator cannot be called [C:\Users\ducth\OneDrive\Desktop\TheBoy\server\server\node_modules\uws\build\uws.vcxproj]
C:\Users\ducth\AppData\Local\node-gyp\Cache\18.17.1\include\node\v8-local-handle.h(157,3): message : or       'v8::Local<v8::Object>::Local(void)' [C:\Users\ducth\OneDrive\Desktop\TheBoy\server\server\node_modules\uws\build\uws.vcxproj]
C:\Users\ducth\OneDrive\Desktop\TheBoy\server\server\node_modules\uws\src\http.h(147,49): message : 'v8::Local<v8::Object>::Local': function does not take 1 arguments [C:\Users\ducth\OneDrive\Desktop\TheBoy\server\server\node_modules\uws\build\uws.vcxproj]
C:\Users\ducth\AppData\Local\node-gyp\Cache\18.17.1\include\node\v8-local-handle.h(159,3): message : or       'v8::Local<v8::Object>::Local(v8::Local<S>)' [C:\Users\ducth\OneDrive\Desktop\TheBoy\server\server\node_modules\uws\build\uws.vcxproj]
C:\Users\ducth\OneDrive\Desktop\TheBoy\server\server\node_modules\uws\src\http.h(147,49): message : while trying to match the argument list '(v8::MaybeLocal<v8::Object>)' [C:\Users\ducth\OneDrive\Desktop\TheBoy\server\server\node_modules\uws\build\uws.vcxproj]
C:\Users\ducth\OneDrive\Desktop\TheBoy\server\server\node_modules\uws\src\http.h(148,57): error C2661: 'v8::Object::GetOwnPropertyNames': no overloaded function takes 0 arguments [C:\Users\ducth\OneDrive\Desktop\TheBoy\server\server\node_modules\uws\build\uws.vcxproj]
C:\Users\ducth\OneDrive\Desktop\TheBoy\server\server\node_modules\uws\src\http.h(148,57): message : while trying to match the argument list '()' [C:\Users\ducth\OneDrive\Desktop\TheBoy\server\server\node_modules\uws\build\uws.vcxproj]
C:\Users\ducth\OneDrive\Desktop\TheBoy\server\server\node_modules\uws\src\http.h(148,42): error C2440: 'initializing': cannot convert from 'v8::MaybeLocal<v8::Array>' to 'v8::Local<v8::Array>' [C:\Users\ducth\OneDrive\Desktop\TheBoy\server\server\node_modules\uws\build\uws.vcxproj]
C:\Users\ducth\OneDrive\Desktop\TheBoy\server\server\node_modules\uws\src\http.h(148,42): message : 'v8::Local<v8::Array>::Local': no overloaded function could convert all the argument types [C:\Users\ducth\OneDrive\Desktop\TheBoy\server\server\node_modules\uws\build\uws.vcxproj]
C:\Users\ducth\AppData\Local\node-gyp\Cache\18.17.1\include\node\v8-local-handle.h(326,1): message : could be 'v8::Local<v8::Array>::Local(v8::Local<v8::Array> &&)' [C:\Users\ducth\OneDrive\Desktop\TheBoy\server\server\node_modules\uws\build\uws.vcxproj]
C:\Users\ducth\OneDrive\Desktop\TheBoy\server\server\node_modules\uws\src\http.h(148,42): message : 'v8::Local<v8::Array>::Local(v8::Local<v8::Array> &&)': cannot convert argument 1 from 'v8::MaybeLocal<v8::Array>' to 'v8::Local<v8::Array> &&' [C:\Users\ducth\OneDrive\Desktop\TheBoy\server\server\node_modules\uws\build\uws.vcxproj]
C:\Users\ducth\OneDrive\Desktop\TheBoy\server\server\node_modules\uws\src\http.h(148,78): message : Reason: cannot convert from 'v8::MaybeLocal<v8::Array>' to 'v8::Local<v8::Array>' [C:\Users\ducth\OneDrive\Desktop\TheBoy\server\server\node_modules\uws\build\uws.vcxproj]
C:\Users\ducth\OneDrive\Desktop\TheBoy\server\server\node_modules\uws\src\http.h(148,78): message : No user-defined-conversion operator available that can perform this conversion, or the operator cannot be called [C:\Users\ducth\OneDrive\Desktop\TheBoy\server\server\node_modules\uws\build\uws.vcxproj]
C:\Users\ducth\AppData\Local\node-gyp\Cache\18.17.1\include\node\v8-local-handle.h(326,1): message : or       'v8::Local<v8::Array>::Local(const v8::Local<v8::Array> &)' [C:\Users\ducth\OneDrive\Desktop\TheBoy\server\server\node_modules\uws\build\uws.vcxproj]
C:\Users\ducth\OneDrive\Desktop\TheBoy\server\server\node_modules\uws\src\http.h(148,42): message : 'v8::Local<v8::Array>::Local(const v8::Local<v8::Array> &)': cannot convert argument 1 from 'v8::MaybeLocal<v8::Array>' to 'const v8::Local<v8::Array> &' [C:\Users\ducth\OneDrive\Desktop\TheBoy\server\server\node_modules\uws\build\uws.vcxproj]
C:\Users\ducth\OneDrive\Desktop\TheBoy\server\server\node_modules\uws\src\http.h(148,78): message : Reason: cannot convert from 'v8::MaybeLocal<v8::Array>' to 'const v8::Local<v8::Array>' [C:\Users\ducth\OneDrive\Desktop\TheBoy\server\server\node_modules\uws\build\uws.vcxproj]
C:\Users\ducth\OneDrive\Desktop\TheBoy\server\server\node_modules\uws\src\http.h(148,78): message : No user-defined-conversion operator available that can perform this conversion, or the operator cannot be called [C:\Users\ducth\OneDrive\Desktop\TheBoy\server\server\node_modules\uws\build\uws.vcxproj]
C:\Users\ducth\AppData\Local\node-gyp\Cache\18.17.1\include\node\v8-local-handle.h(157,3): message : or       'v8::Local<v8::Array>::Local(void)' [C:\Users\ducth\OneDrive\Desktop\TheBoy\server\server\node_modules\uws\build\uws.vcxproj]
C:\Users\ducth\OneDrive\Desktop\TheBoy\server\server\node_modules\uws\src\http.h(148,42): message : 'v8::Local<v8::Array>::Local': function does not take 1 arguments [C:\Users\ducth\OneDrive\Desktop\TheBoy\server\server\node_modules\uws\build\uws.vcxproj]
C:\Users\ducth\AppData\Local\node-gyp\Cache\18.17.1\include\node\v8-local-handle.h(159,3): message : or       'v8::Local<v8::Array>::Local(v8::Local<S>)' [C:\Users\ducth\OneDrive\Desktop\TheBoy\server\server\node_modules\uws\build\uws.vcxproj]
C:\Users\ducth\OneDrive\Desktop\TheBoy\server\server\node_modules\uws\src\http.h(148,42): message : while trying to match the argument list '(v8::MaybeLocal<v8::Array>)' [C:\Users\ducth\OneDrive\Desktop\TheBoy\server\server\node_modules\uws\build\uws.vcxproj]
C:\Users\ducth\OneDrive\Desktop\TheBoy\server\server\node_modules\uws\src\http.h(149,39): warning C4018: '<': signed/unsigned mismatch [C:\Users\ducth\OneDrive\Desktop\TheBoy\server\server\node_modules\uws\build\uws.vcxproj]
C:\Users\ducth\OneDrive\Desktop\TheBoy\server\server\node_modules\uws\src\http.h(150,51): error C2661: 'v8::Object::Get': no overloaded function takes 1 arguments [C:\Users\ducth\OneDrive\Desktop\TheBoy\server\server\node_modules\uws\build\uws.vcxproj]
C:\Users\ducth\OneDrive\Desktop\TheBoy\server\server\node_modules\uws\src\http.h(150,51): message : while trying to match the argument list '(int)' [C:\Users\ducth\OneDrive\Desktop\TheBoy\server\server\node_modules\uws\build\uws.vcxproj]
C:\Users\ducth\OneDrive\Desktop\TheBoy\server\server\node_modules\uws\src\http.h(150,42): error C2440: 'initializing': cannot convert from 'v8::MaybeLocal<v8::Value>' to 'v8::Local<v8::Value>' [C:\Users\ducth\OneDrive\Desktop\TheBoy\server\server\node_modules\uws\build\uws.vcxproj]
C:\Users\ducth\OneDrive\Desktop\TheBoy\server\server\node_modules\uws\src\http.h(150,42): message : 'v8::Local<v8::Value>::Local': no overloaded function could convert all the argument types [C:\Users\ducth\OneDrive\Desktop\TheBoy\server\server\node_modules\uws\build\uws.vcxproj]
C:\Users\ducth\AppData\Local\node-gyp\Cache\18.17.1\include\node\v8-local-handle.h(326,1): message : could be 'v8::Local<v8::Value>::Local(v8::Local<v8::Value> &&)' [C:\Users\ducth\OneDrive\Desktop\TheBoy\server\server\node_modules\uws\build\uws.vcxproj]
C:\Users\ducth\OneDrive\Desktop\TheBoy\server\server\node_modules\uws\src\http.h(150,42): message : 'v8::Local<v8::Value>::Local(v8::Local<v8::Value> &&)': cannot convert argument 1 from 'v8::MaybeLocal<v8::Value>' to 'v8::Local<v8::Value> &&' [C:\Users\ducth\OneDrive\Desktop\TheBoy\server\server\node_modules\uws\build\uws.vcxproj]
C:\Users\ducth\OneDrive\Desktop\TheBoy\server\server\node_modules\uws\src\http.h(150,56): message : Reason: cannot convert from 'v8::MaybeLocal<v8::Value>' to 'v8::Local<v8::Value>' [C:\Users\ducth\OneDrive\Desktop\TheBoy\server\server\node_modules\uws\build\uws.vcxproj]
C:\Users\ducth\OneDrive\Desktop\TheBoy\server\server\node_modules\uws\src\http.h(150,56): message : No user-defined-conversion operator available that can perform this conversion, or the operator cannot be called [C:\Users\ducth\OneDrive\Desktop\TheBoy\server\server\node_modules\uws\build\uws.vcxproj]
C:\Users\ducth\AppData\Local\node-gyp\Cache\18.17.1\include\node\v8-local-handle.h(326,1): message : or       'v8::Local<v8::Value>::Local(const v8::Local<v8::Value> &)' [C:\Users\ducth\OneDrive\Desktop\TheBoy\server\server\node_modules\uws\build\uws.vcxproj]
C:\Users\ducth\OneDrive\Desktop\TheBoy\server\server\node_modules\uws\src\http.h(150,42): message : 'v8::Local<v8::Value>::Local(const v8::Local<v8::Value> &)': cannot convert argument 1 from 'v8::MaybeLocal<v8::Value>' to 'const v8::Local<v8::Value> &' [C:\Users\ducth\OneDrive\Desktop\TheBoy\server\server\node_modules\uws\build\uws.vcxproj]
C:\Users\ducth\OneDrive\Desktop\TheBoy\server\server\node_modules\uws\src\http.h(150,56): message : Reason: cannot convert from 'v8::MaybeLocal<v8::Value>' to 'const v8::Local<v8::Value>' [C:\Users\ducth\OneDrive\Desktop\TheBoy\server\server\node_modules\uws\build\uws.vcxproj]
C:\Users\ducth\OneDrive\Desktop\TheBoy\server\server\node_modules\uws\src\http.h(150,56): message : No user-defined-conversion operator available that can perform this conversion, or the operator cannot be called [C:\Users\ducth\OneDrive\Desktop\TheBoy\server\server\node_modules\uws\build\uws.vcxproj]
C:\Users\ducth\AppData\Local\node-gyp\Cache\18.17.1\include\node\v8-local-handle.h(157,3): message : or       'v8::Local<v8::Value>::Local(void)' [C:\Users\ducth\OneDrive\Desktop\TheBoy\server\server\node_modules\uws\build\uws.vcxproj]
C:\Users\ducth\OneDrive\Desktop\TheBoy\server\server\node_modules\uws\src\http.h(150,42): message : 'v8::Local<v8::Value>::Local': function does not take 1 arguments [C:\Users\ducth\OneDrive\Desktop\TheBoy\server\server\node_modules\uws\build\uws.vcxproj]
C:\Users\ducth\AppData\Local\node-gyp\Cache\18.17.1\include\node\v8-local-handle.h(159,3): message : or       'v8::Local<v8::Value>::Local(v8::Local<S>)' [C:\Users\ducth\OneDrive\Desktop\TheBoy\server\server\node_modules\uws\build\uws.vcxproj]
C:\Users\ducth\OneDrive\Desktop\TheBoy\server\server\node_modules\uws\src\http.h(150,42): message : while trying to match the argument list '(v8::MaybeLocal<v8::Value>)' [C:\Users\ducth\OneDrive\Desktop\TheBoy\server\server\node_modules\uws\build\uws.vcxproj]
C:\Users\ducth\OneDrive\Desktop\TheBoy\server\server\node_modules\uws\src\http.h(151,59): error C2661: 'v8::Object::Get': no overloaded function takes 1 arguments [C:\Users\ducth\OneDrive\Desktop\TheBoy\server\server\node_modules\uws\build\uws.vcxproj]
C:\Users\ducth\OneDrive\Desktop\TheBoy\server\server\node_modules\uws\src\http.h(151,59): message : while trying to match the argument list '(v8::Local<v8::Value>)' [C:\Users\ducth\OneDrive\Desktop\TheBoy\server\server\node_modules\uws\build\uws.vcxproj]
C:\Users\ducth\OneDrive\Desktop\TheBoy\server\server\node_modules\uws\src\http.h(151,44): error C2440: 'initializing': cannot convert from 'v8::MaybeLocal<v8::Value>' to 'v8::Local<v8::Value>' [C:\Users\ducth\OneDrive\Desktop\TheBoy\server\server\node_modules\uws\build\uws.vcxproj]
C:\Users\ducth\OneDrive\Desktop\TheBoy\server\server\node_modules\uws\src\http.h(151,44): message : 'v8::Local<v8::Value>::Local': no overloaded function could convert all the argument types [C:\Users\ducth\OneDrive\Desktop\TheBoy\server\server\node_modules\uws\build\uws.vcxproj]
C:\Users\ducth\AppData\Local\node-gyp\Cache\18.17.1\include\node\v8-local-handle.h(326,1): message : could be 'v8::Local<v8::Value>::Local(v8::Local<v8::Value> &&)' [C:\Users\ducth\OneDrive\Desktop\TheBoy\server\server\node_modules\uws\build\uws.vcxproj]
C:\Users\ducth\OneDrive\Desktop\TheBoy\server\server\node_modules\uws\src\http.h(151,44): message : 'v8::Local<v8::Value>::Local(v8::Local<v8::Value> &&)': cannot convert argument 1 from 'v8::MaybeLocal<v8::Value>' to 'v8::Local<v8::Value> &&' [C:\Users\ducth\OneDrive\Desktop\TheBoy\server\server\node_modules\uws\build\uws.vcxproj]
C:\Users\ducth\OneDrive\Desktop\TheBoy\server\server\node_modules\uws\src\http.h(151,64): message : Reason: cannot convert from 'v8::MaybeLocal<v8::Value>' to 'v8::Local<v8::Value>' [C:\Users\ducth\OneDrive\Desktop\TheBoy\server\server\node_modules\uws\build\uws.vcxproj]
C:\Users\ducth\OneDrive\Desktop\TheBoy\server\server\node_modules\uws\src\http.h(151,64): message : No user-defined-conversion operator available that can perform this conversion, or the operator cannot be called [C:\Users\ducth\OneDrive\Desktop\TheBoy\server\server\node_modules\uws\build\uws.vcxproj]
C:\Users\ducth\AppData\Local\node-gyp\Cache\18.17.1\include\node\v8-local-handle.h(326,1): message : or       'v8::Local<v8::Value>::Local(const v8::Local<v8::Value> &)' [C:\Users\ducth\OneDrive\Desktop\TheBoy\server\server\node_modules\uws\build\uws.vcxproj]
C:\Users\ducth\OneDrive\Desktop\TheBoy\server\server\node_modules\uws\src\http.h(151,44): message : 'v8::Local<v8::Value>::Local(const v8::Local<v8::Value> &)': cannot convert argument 1 from 'v8::MaybeLocal<v8::Value>' to 'const v8::Local<v8::Value> &' [C:\Users\ducth\OneDrive\Desktop\TheBoy\server\server\node_modules\uws\build\uws.vcxproj]
C:\Users\ducth\OneDrive\Desktop\TheBoy\server\server\node_modules\uws\src\http.h(151,64): message : Reason: cannot convert from 'v8::MaybeLocal<v8::Value>' to 'const v8::Local<v8::Value>' [C:\Users\ducth\OneDrive\Desktop\TheBoy\server\server\node_modules\uws\build\uws.vcxproj]
C:\Users\ducth\OneDrive\Desktop\TheBoy\server\server\node_modules\uws\src\http.h(151,64): message : No user-defined-conversion operator available that can perform this conversion, or the operator cannot be called [C:\Users\ducth\OneDrive\Desktop\TheBoy\server\server\node_modules\uws\build\uws.vcxproj]
C:\Users\ducth\AppData\Local\node-gyp\Cache\18.17.1\include\node\v8-local-handle.h(157,3): message : or       'v8::Local<v8::Value>::Local(void)' [C:\Users\ducth\OneDrive\Desktop\TheBoy\server\server\node_modules\uws\build\uws.vcxproj]
C:\Users\ducth\OneDrive\Desktop\TheBoy\server\server\node_modules\uws\src\http.h(151,44): message : 'v8::Local<v8::Value>::Local': function does not take 1 arguments [C:\Users\ducth\OneDrive\Desktop\TheBoy\server\server\node_modules\uws\build\uws.vcxproj]
C:\Users\ducth\AppData\Local\node-gyp\Cache\18.17.1\include\node\v8-local-handle.h(159,3): message : or       'v8::Local<v8::Value>::Local(v8::Local<S>)' [C:\Users\ducth\OneDrive\Desktop\TheBoy\server\server\node_modules\uws\build\uws.vcxproj]
C:\Users\ducth\OneDrive\Desktop\TheBoy\server\server\node_modules\uws\src\http.h(151,44): message : while trying to match the argument list '(v8::MaybeLocal<v8::Value>)' [C:\Users\ducth\OneDrive\Desktop\TheBoy\server\server\node_modules\uws\build\uws.vcxproj]
C:\Users\ducth\OneDrive\Desktop\TheBoy\server\server\node_modules\uws\src\http.h(188,29): error C2664: 'void v8::FunctionTemplate::SetClassName(v8::Local<v8::String>)': cannot convert argument 1 from 'v8::MaybeLocal<v8::String>' to 'v8::Local<v8::String>' [C:\Users\ducth\OneDrive\Desktop\TheBoy\server\server\node_modules\uws\build\uws.vcxproj]
C:\Users\ducth\OneDrive\Desktop\TheBoy\server\server\node_modules\uws\src\http.h(188,63): message : No user-defined-conversion operator available that can perform this conversion, or the operator cannot be called [C:\Users\ducth\OneDrive\Desktop\TheBoy\server\server\node_modules\uws\build\uws.vcxproj]
C:\Users\ducth\AppData\Local\node-gyp\Cache\18.17.1\include\node\v8-template.h(568,8): message : see declaration of 'v8::FunctionTemplate::SetClassName' [C:\Users\ducth\OneDrive\Desktop\TheBoy\server\server\node_modules\uws\build\uws.vcxproj]
C:\Users\ducth\OneDrive\Desktop\TheBoy\server\server\node_modules\uws\src\http.h(188,29): message : while trying to match the argument list '(v8::MaybeLocal<v8::String>)' [C:\Users\ducth\OneDrive\Desktop\TheBoy\server\server\node_modules\uws\build\uws.vcxproj]
C:\Users\ducth\OneDrive\Desktop\TheBoy\server\server\node_modules\uws\src\http.h(190,50): error C2665: 'v8::Template::Set': no overloaded function could convert all the argument types [C:\Users\ducth\OneDrive\Desktop\TheBoy\server\server\node_modules\uws\build\uws.vcxproj]
C:\Users\ducth\AppData\Local\node-gyp\Cache\18.17.1\include\node\v8-template.h(52,8): message : could be 'void v8::Template::Set(v8::Local<v8::Name>,v8::Local<v8::Data>,v8::PropertyAttribute)' [C:\Users\ducth\OneDrive\Desktop\TheBoy\server\server\node_modules\uws\build\uws.vcxproj]
C:\Users\ducth\OneDrive\Desktop\TheBoy\server\server\node_modules\uws\src\http.h(190,50): message : 'void v8::Template::Set(v8::Local<v8::Name>,v8::Local<v8::Data>,v8::PropertyAttribute)': cannot convert argument 1 from 'v8::MaybeLocal<v8::String>' to 'v8::Local<v8::Name>' [C:\Users\ducth\OneDrive\Desktop\TheBoy\server\server\node_modules\uws\build\uws.vcxproj]
C:\Users\ducth\OneDrive\Desktop\TheBoy\server\server\node_modules\uws\src\http.h(190,75): message : No user-defined-conversion operator available that can perform this conversion, or the operator cannot be called [C:\Users\ducth\OneDrive\Desktop\TheBoy\server\server\node_modules\uws\build\uws.vcxproj]
C:\Users\ducth\OneDrive\Desktop\TheBoy\server\server\node_modules\uws\src\http.h(190,50): message : while trying to match the argument list '(v8::MaybeLocal<v8::String>, v8::Local<v8::FunctionTemplate>)' [C:\Users\ducth\OneDrive\Desktop\TheBoy\server\server\node_modules\uws\build\uws.vcxproj]
C:\Users\ducth\OneDrive\Desktop\TheBoy\server\server\node_modules\uws\src\http.h(191,50): error C2665: 'v8::Template::Set': no overloaded function could convert all the argument types [C:\Users\ducth\OneDrive\Desktop\TheBoy\server\server\node_modules\uws\build\uws.vcxproj]
C:\Users\ducth\AppData\Local\node-gyp\Cache\18.17.1\include\node\v8-template.h(52,8): message : could be 'void v8::Template::Set(v8::Local<v8::Name>,v8::Local<v8::Data>,v8::PropertyAttribute)' [C:\Users\ducth\OneDrive\Desktop\TheBoy\server\server\node_modules\uws\build\uws.vcxproj]
C:\Users\ducth\OneDrive\Desktop\TheBoy\server\server\node_modules\uws\src\http.h(191,50): message : 'void v8::Template::Set(v8::Local<v8::Name>,v8::Local<v8::Data>,v8::PropertyAttribute)': cannot convert argument 1 from 'v8::MaybeLocal<v8::String>' to 'v8::Local<v8::Name>' [C:\Users\ducth\OneDrive\Desktop\TheBoy\server\server\node_modules\uws\build\uws.vcxproj]
C:\Users\ducth\OneDrive\Desktop\TheBoy\server\server\node_modules\uws\src\http.h(191,75): message : No user-defined-conversion operator available that can perform this conversion, or the operator cannot be called [C:\Users\ducth\OneDrive\Desktop\TheBoy\server\server\node_modules\uws\build\uws.vcxproj]
C:\Users\ducth\OneDrive\Desktop\TheBoy\server\server\node_modules\uws\src\http.h(191,50): message : while trying to match the argument list '(v8::MaybeLocal<v8::String>, v8::Local<v8::FunctionTemplate>)' [C:\Users\ducth\OneDrive\Desktop\TheBoy\server\server\node_modules\uws\build\uws.vcxproj]
C:\Users\ducth\OneDrive\Desktop\TheBoy\server\server\node_modules\uws\src\http.h(192,50): error C2665: 'v8::Template::Set': no overloaded function could convert all the argument types [C:\Users\ducth\OneDrive\Desktop\TheBoy\server\server\node_modules\uws\build\uws.vcxproj]
C:\Users\ducth\AppData\Local\node-gyp\Cache\18.17.1\include\node\v8-template.h(52,8): message : could be 'void v8::Template::Set(v8::Local<v8::Name>,v8::Local<v8::Data>,v8::PropertyAttribute)' [C:\Users\ducth\OneDrive\Desktop\TheBoy\server\server\node_modules\uws\build\uws.vcxproj]
C:\Users\ducth\OneDrive\Desktop\TheBoy\server\server\node_modules\uws\src\http.h(192,50): message : 'void v8::Template::Set(v8::Local<v8::Name>,v8::Local<v8::Data>,v8::PropertyAttribute)': cannot convert argument 1 from 'v8::MaybeLocal<v8::String>' to 'v8::Local<v8::Name>' [C:\Users\ducth\OneDrive\Desktop\TheBoy\server\server\node_modules\uws\build\uws.vcxproj]
C:\Users\ducth\OneDrive\Desktop\TheBoy\server\server\node_modules\uws\src\http.h(192,75): message : No user-defined-conversion operator available that can perform this conversion, or the operator cannot be called [C:\Users\ducth\OneDrive\Desktop\TheBoy\server\server\node_modules\uws\build\uws.vcxproj]
C:\Users\ducth\OneDrive\Desktop\TheBoy\server\server\node_modules\uws\src\http.h(192,50): message : while trying to match the argument list '(v8::MaybeLocal<v8::String>, v8::Local<v8::FunctionTemplate>)' [C:\Users\ducth\OneDrive\Desktop\TheBoy\server\server\node_modules\uws\build\uws.vcxproj]
C:\Users\ducth\OneDrive\Desktop\TheBoy\server\server\node_modules\uws\src\http.h(193,50): error C2665: 'v8::Template::Set': no overloaded function could convert all the argument types [C:\Users\ducth\OneDrive\Desktop\TheBoy\server\server\node_modules\uws\build\uws.vcxproj]
C:\Users\ducth\AppData\Local\node-gyp\Cache\18.17.1\include\node\v8-template.h(52,8): message : could be 'void v8::Template::Set(v8::Local<v8::Name>,v8::Local<v8::Data>,v8::PropertyAttribute)' [C:\Users\ducth\OneDrive\Desktop\TheBoy\server\server\node_modules\uws\build\uws.vcxproj]
C:\Users\ducth\OneDrive\Desktop\TheBoy\server\server\node_modules\uws\src\http.h(193,50): message : 'void v8::Template::Set(v8::Local<v8::Name>,v8::Local<v8::Data>,v8::PropertyAttribute)': cannot convert argument 1 from 'v8::MaybeLocal<v8::String>' to 'v8::Local<v8::Name>' [C:\Users\ducth\OneDrive\Desktop\TheBoy\server\server\node_modules\uws\build\uws.vcxproj]
C:\Users\ducth\OneDrive\Desktop\TheBoy\server\server\node_modules\uws\src\http.h(193,75): message : No user-defined-conversion operator available that can perform this conversion, or the operator cannot be called [C:\Users\ducth\OneDrive\Desktop\TheBoy\server\server\node_modules\uws\build\uws.vcxproj]
C:\Users\ducth\OneDrive\Desktop\TheBoy\server\server\node_modules\uws\src\http.h(193,50): message : while trying to match the argument list '(v8::MaybeLocal<v8::String>, v8::Local<v8::FunctionTemplate>)' [C:\Users\ducth\OneDrive\Desktop\TheBoy\server\server\node_modules\uws\build\uws.vcxproj]
C:\Users\ducth\OneDrive\Desktop\TheBoy\server\server\node_modules\uws\src\http.h(194,50): error C2665: 'v8::Template::Set': no overloaded function could convert all the argument types [C:\Users\ducth\OneDrive\Desktop\TheBoy\server\server\node_modules\uws\build\uws.vcxproj]
C:\Users\ducth\AppData\Local\node-gyp\Cache\18.17.1\include\node\v8-template.h(52,8): message : could be 'void v8::Template::Set(v8::Local<v8::Name>,v8::Local<v8::Data>,v8::PropertyAttribute)' [C:\Users\ducth\OneDrive\Desktop\TheBoy\server\server\node_modules\uws\build\uws.vcxproj]
C:\Users\ducth\OneDrive\Desktop\TheBoy\server\server\node_modules\uws\src\http.h(194,50): message : 'void v8::Template::Set(v8::Local<v8::Name>,v8::Local<v8::Data>,v8::PropertyAttribute)': cannot convert argument 1 from 'v8::MaybeLocal<v8::String>' to 'v8::Local<v8::Name>' [C:\Users\ducth\OneDrive\Desktop\TheBoy\server\server\node_modules\uws\build\uws.vcxproj]
C:\Users\ducth\OneDrive\Desktop\TheBoy\server\server\node_modules\uws\src\http.h(194,75): message : No user-defined-conversion operator available that can perform this conversion, or the operator cannot be called [C:\Users\ducth\OneDrive\Desktop\TheBoy\server\server\node_modules\uws\build\uws.vcxproj]
C:\Users\ducth\OneDrive\Desktop\TheBoy\server\server\node_modules\uws\src\http.h(194,50): message : while trying to match the argument list '(v8::MaybeLocal<v8::String>, v8::Local<v8::FunctionTemplate>)' [C:\Users\ducth\OneDrive\Desktop\TheBoy\server\server\node_modules\uws\build\uws.vcxproj]
C:\Users\ducth\OneDrive\Desktop\TheBoy\server\server\node_modules\uws\src\http.h(195,50): error C2665: 'v8::Template::Set': no overloaded function could convert all the argument types [C:\Users\ducth\OneDrive\Desktop\TheBoy\server\server\node_modules\uws\build\uws.vcxproj]
C:\Users\ducth\AppData\Local\node-gyp\Cache\18.17.1\include\node\v8-template.h(52,8): message : could be 'void v8::Template::Set(v8::Local<v8::Name>,v8::Local<v8::Data>,v8::PropertyAttribute)' [C:\Users\ducth\OneDrive\Desktop\TheBoy\server\server\node_modules\uws\build\uws.vcxproj]
C:\Users\ducth\OneDrive\Desktop\TheBoy\server\server\node_modules\uws\src\http.h(195,50): message : 'void v8::Template::Set(v8::Local<v8::Name>,v8::Local<v8::Data>,v8::PropertyAttribute)': cannot convert argument 1 from 'v8::MaybeLocal<v8::String>' to 'v8::Local<v8::Name>' [C:\Users\ducth\OneDrive\Desktop\TheBoy\server\server\node_modules\uws\build\uws.vcxproj]
C:\Users\ducth\OneDrive\Desktop\TheBoy\server\server\node_modules\uws\src\http.h(195,75): message : No user-defined-conversion operator available that can perform this conversion, or the operator cannot be called [C:\Users\ducth\OneDrive\Desktop\TheBoy\server\server\node_modules\uws\build\uws.vcxproj]
C:\Users\ducth\OneDrive\Desktop\TheBoy\server\server\node_modules\uws\src\http.h(195,50): message : while trying to match the argument list '(v8::MaybeLocal<v8::String>, v8::Local<v8::FunctionTemplate>)' [C:\Users\ducth\OneDrive\Desktop\TheBoy\server\server\node_modules\uws\build\uws.vcxproj]
C:\Users\ducth\OneDrive\Desktop\TheBoy\server\server\node_modules\uws\src\http.h(196,36): error C2660: 'v8::FunctionTemplate::GetFunction': function does not take 0 arguments [C:\Users\ducth\OneDrive\Desktop\TheBoy\server\server\node_modules\uws\build\uws.vcxproj]
C:\Users\ducth\AppData\Local\node-gyp\Cache\18.17.1\include\node\v8-template.h(513,46): message : see declaration of 'v8::FunctionTemplate::GetFunction' [C:\Users\ducth\OneDrive\Desktop\TheBoy\server\server\node_modules\uws\build\uws.vcxproj]
C:\Users\ducth\OneDrive\Desktop\TheBoy\server\server\node_modules\uws\src\http.h(196,36): message : while trying to match the argument list '()' [C:\Users\ducth\OneDrive\Desktop\TheBoy\server\server\node_modules\uws\build\uws.vcxproj]
C:\Users\ducth\OneDrive\Desktop\TheBoy\server\server\node_modules\uws\src\http.h(196,53): error C2039: 'NewInstance': is not a member of 'v8::MaybeLocal<v8::Function>' [C:\Users\ducth\OneDrive\Desktop\TheBoy\server\server\node_modules\uws\build\uws.vcxproj]
C:\Users\ducth\AppData\Local\node-gyp\Cache\18.17.1\include\node\v8-script.h(653,32): message : see declaration of 'v8::MaybeLocal<v8::Function>' [C:\Users\ducth\OneDrive\Desktop\TheBoy\server\server\node_modules\uws\build\uws.vcxproj]
C:\Users\ducth\OneDrive\Desktop\TheBoy\server\server\node_modules\uws\src\http.h(226,60): warning C4312: 'type cast': conversion from 'long' to 'void *' of greater size [C:\Users\ducth\OneDrive\Desktop\TheBoy\server\server\node_modules\uws\build\uws.vcxproj]
C:\Users\ducth\OneDrive\Desktop\TheBoy\server\server\node_modules\uws\src\http.h(227,116): error C2039: 'kNormalString': is not a member of 'v8::String' [C:\Users\ducth\OneDrive\Desktop\TheBoy\server\server\node_modules\uws\build\uws.vcxproj]
C:\Users\ducth\AppData\Local\node-gyp\Cache\18.17.1\include\node\v8-value-serializer.h(23,7): message : see declaration of 'v8::String' [C:\Users\ducth\OneDrive\Desktop\TheBoy\server\server\node_modules\uws\build\uws.vcxproj]
C:\Users\ducth\OneDrive\Desktop\TheBoy\server\server\node_modules\uws\src\http.h(227,116): error C2065: 'kNormalString': undeclared identifier [C:\Users\ducth\OneDrive\Desktop\TheBoy\server\server\node_modules\uws\build\uws.vcxproj]
C:\Users\ducth\OneDrive\Desktop\TheBoy\server\server\node_modules\uws\src\http.h(227,22): error C2660: 'v8::Object::SetInternalField': function does not take 1 arguments [C:\Users\ducth\OneDrive\Desktop\TheBoy\server\server\node_modules\uws\build\uws.vcxproj]
C:\Users\ducth\AppData\Local\node-gyp\Cache\18.17.1\include\node\v8-object.h(481,8): message : see declaration of 'v8::Object::SetInternalField' [C:\Users\ducth\OneDrive\Desktop\TheBoy\server\server\node_modules\uws\build\uws.vcxproj]
C:\Users\ducth\OneDrive\Desktop\TheBoy\server\server\node_modules\uws\src\http.h(227,22): message : while trying to match the argument list '(int)' [C:\Users\ducth\OneDrive\Desktop\TheBoy\server\server\node_modules\uws\build\uws.vcxproj]
C:\Users\ducth\OneDrive\Desktop\TheBoy\server\server\node_modules\uws\src\http.h(230,64): error C2660: 'v8::Function::Call': function does not take 3 arguments [C:\Users\ducth\OneDrive\Desktop\TheBoy\server\server\node_modules\uws\build\uws.vcxproj]
C:\Users\ducth\AppData\Local\node-gyp\Cache\18.17.1\include\node\v8-function.h(55,43): message : see declaration of 'v8::Function::Call' [C:\Users\ducth\OneDrive\Desktop\TheBoy\server\server\node_modules\uws\build\uws.vcxproj]
C:\Users\ducth\OneDrive\Desktop\TheBoy\server\server\node_modules\uws\src\http.h(230,64): message : while trying to match the argument list '(v8::Local<v8::Object>, int, v8::Local<v8::Value> [2])' [C:\Users\ducth\OneDrive\Desktop\TheBoy\server\server\node_modules\uws\build\uws.vcxproj]
C:\Users\ducth\OneDrive\Desktop\TheBoy\server\server\node_modules\uws\src\http.h(235,57): error C2661: 'v8::ArrayBuffer::New': no overloaded function takes 3 arguments [C:\Users\ducth\OneDrive\Desktop\TheBoy\server\server\node_modules\uws\build\uws.vcxproj]
C:\Users\ducth\OneDrive\Desktop\TheBoy\server\server\node_modules\uws\src\http.h(235,57): message : while trying to match the argument list '(v8::Isolate *const , char *, size_t)' [C:\Users\ducth\OneDrive\Desktop\TheBoy\server\server\node_modules\uws\build\uws.vcxproj]
C:\Users\ducth\OneDrive\Desktop\TheBoy\server\server\node_modules\uws\src\http.h(235,34): error C2466: cannot allocate an array of constant size 0 [C:\Users\ducth\OneDrive\Desktop\TheBoy\server\server\node_modules\uws\build\uws.vcxproj]
C:\Users\ducth\OneDrive\Desktop\TheBoy\server\server\node_modules\uws\src\http.h(236,56): error C2660: 'v8::Function::Call': function does not take 3 arguments [C:\Users\ducth\OneDrive\Desktop\TheBoy\server\server\node_modules\uws\build\uws.vcxproj]
C:\Users\ducth\AppData\Local\node-gyp\Cache\18.17.1\include\node\v8-function.h(55,43): message : see declaration of 'v8::Function::Call' [C:\Users\ducth\OneDrive\Desktop\TheBoy\server\server\node_modules\uws\build\uws.vcxproj]
C:\Users\ducth\OneDrive\Desktop\TheBoy\server\server\node_modules\uws\src\http.h(236,56): message : while trying to match the argument list '(v8::Local<v8::Object>, int, v8::Local<v8::Value> [1])' [C:\Users\ducth\OneDrive\Desktop\TheBoy\server\server\node_modules\uws\build\uws.vcxproj]
C:\Users\ducth\OneDrive\Desktop\TheBoy\server\server\node_modules\uws\src\http.h(242,59): error C2660: 'v8::Function::Call': function does not take 3 arguments [C:\Users\ducth\OneDrive\Desktop\TheBoy\server\server\node_modules\uws\build\uws.vcxproj]
C:\Users\ducth\AppData\Local\node-gyp\Cache\18.17.1\include\node\v8-function.h(55,43): message : see declaration of 'v8::Function::Call' [C:\Users\ducth\OneDrive\Desktop\TheBoy\server\server\node_modules\uws\build\uws.vcxproj]
C:\Users\ducth\OneDrive\Desktop\TheBoy\server\server\node_modules\uws\src\http.h(242,59): message : while trying to match the argument list '(v8::Local<v8::Object>, int, nullptr)' [C:\Users\ducth\OneDrive\Desktop\TheBoy\server\server\node_modules\uws\build\uws.vcxproj]
C:\Users\ducth\OneDrive\Desktop\TheBoy\server\server\node_modules\uws\src\http.h(265,53): error C2660: 'v8::Function::Call': function does not take 3 arguments [C:\Users\ducth\OneDrive\Desktop\TheBoy\server\server\node_modules\uws\build\uws.vcxproj]
C:\Users\ducth\AppData\Local\node-gyp\Cache\18.17.1\include\node\v8-function.h(55,43): message : see declaration of 'v8::Function::Call' [C:\Users\ducth\OneDrive\Desktop\TheBoy\server\server\node_modules\uws\build\uws.vcxproj]
C:\Users\ducth\OneDrive\Desktop\TheBoy\server\server\node_modules\uws\src\http.h(265,53): message : while trying to match the argument list '(v8::Local<v8::Object>, int, nullptr)' [C:\Users\ducth\OneDrive\Desktop\TheBoy\server\server\node_modules\uws\build\uws.vcxproj]
C:\Users\ducth\OneDrive\Desktop\TheBoy\server\server\node_modules\uws\src\http.h(279,53): error C2661: 'v8::ArrayBuffer::New': no overloaded function takes 3 arguments [C:\Users\ducth\OneDrive\Desktop\TheBoy\server\server\node_modules\uws\build\uws.vcxproj]
C:\Users\ducth\OneDrive\Desktop\TheBoy\server\server\node_modules\uws\src\http.h(279,53): message : while trying to match the argument list '(v8::Isolate *const , char *, size_t)' [C:\Users\ducth\OneDrive\Desktop\TheBoy\server\server\node_modules\uws\build\uws.vcxproj]
C:\Users\ducth\OneDrive\Desktop\TheBoy\server\server\node_modules\uws\src\http.h(279,30): error C2466: cannot allocate an array of constant size 0 [C:\Users\ducth\OneDrive\Desktop\TheBoy\server\server\node_modules\uws\build\uws.vcxproj]
C:\Users\ducth\OneDrive\Desktop\TheBoy\server\server\node_modules\uws\src\http.h(280,52): error C2660: 'v8::Function::Call': function does not take 3 arguments [C:\Users\ducth\OneDrive\Desktop\TheBoy\server\server\node_modules\uws\build\uws.vcxproj]
C:\Users\ducth\AppData\Local\node-gyp\Cache\18.17.1\include\node\v8-function.h(55,43): message : see declaration of 'v8::Function::Call' [C:\Users\ducth\OneDrive\Desktop\TheBoy\server\server\node_modules\uws\build\uws.vcxproj]
C:\Users\ducth\OneDrive\Desktop\TheBoy\server\server\node_modules\uws\src\http.h(280,52): message : while trying to match the argument list '(v8::Local<v8::Object>, int, v8::Local<v8::Value> [1])' [C:\Users\ducth\OneDrive\Desktop\TheBoy\server\server\node_modules\uws\build\uws.vcxproj]
C:\Users\ducth\OneDrive\Desktop\TheBoy\server\server\node_modules\uws\src\http.h(286,55): error C2660: 'v8::Function::Call': function does not take 3 arguments [C:\Users\ducth\OneDrive\Desktop\TheBoy\server\server\node_modules\uws\build\uws.vcxproj]
C:\Users\ducth\AppData\Local\node-gyp\Cache\18.17.1\include\node\v8-function.h(55,43): message : see declaration of 'v8::Function::Call' [C:\Users\ducth\OneDrive\Desktop\TheBoy\server\server\node_modules\uws\build\uws.vcxproj]
C:\Users\ducth\OneDrive\Desktop\TheBoy\server\server\node_modules\uws\src\http.h(286,55): message : while trying to match the argument list '(v8::Local<v8::Object>, int, nullptr)' [C:\Users\ducth\OneDrive\Desktop\TheBoy\server\server\node_modules\uws\build\uws.vcxproj]
C:\Users\ducth\OneDrive\Desktop\TheBoy\server\server\node_modules\uws\src\http.h(293,108): error C2661: 'v8::Function::NewInstance': no overloaded function takes 0 arguments [C:\Users\ducth\OneDrive\Desktop\TheBoy\server\server\node_modules\uws\build\uws.vcxproj]
C:\Users\ducth\OneDrive\Desktop\TheBoy\server\server\node_modules\uws\src\http.h(293,108): message : while trying to match the argument list '()' [C:\Users\ducth\OneDrive\Desktop\TheBoy\server\server\node_modules\uws\build\uws.vcxproj]
C:\Users\ducth\OneDrive\Desktop\TheBoy\server\server\node_modules\uws\src\http.h(308,54): error C2660: 'v8::Value::IntegerValue': function does not take 0 arguments [C:\Users\ducth\OneDrive\Desktop\TheBoy\server\server\node_modules\uws\build\uws.vcxproj]
C:\Users\ducth\AppData\Local\node-gyp\Cache\18.17.1\include\node\v8-value.h(413,40): message : see declaration of 'v8::Value::IntegerValue' [C:\Users\ducth\OneDrive\Desktop\TheBoy\server\server\node_modules\uws\build\uws.vcxproj]
C:\Users\ducth\OneDrive\Desktop\TheBoy\server\server\node_modules\uws\src\http.h(308,54): message : while trying to match the argument list '()' [C:\Users\ducth\OneDrive\Desktop\TheBoy\server\server\node_modules\uws\build\uws.vcxproj]
C:\Users\ducth\OneDrive\Desktop\TheBoy\server\server\node_modules\uws\src\http.h(311,59): error C2660: 'v8::Function::Call': function does not take 3 arguments [C:\Users\ducth\OneDrive\Desktop\TheBoy\server\server\node_modules\uws\build\uws.vcxproj]
C:\Users\ducth\AppData\Local\node-gyp\Cache\18.17.1\include\node\v8-function.h(55,43): message : see declaration of 'v8::Function::Call' [C:\Users\ducth\OneDrive\Desktop\TheBoy\server\server\node_modules\uws\build\uws.vcxproj]
C:\Users\ducth\OneDrive\Desktop\TheBoy\server\server\node_modules\uws\src\http.h(311,59): message : while trying to match the argument list '(v8::Local<v8::Object>, int, nullptr)' [C:\Users\ducth\OneDrive\Desktop\TheBoy\server\server\node_modules\uws\build\uws.vcxproj]
C:\Users\ducth\OneDrive\Desktop\TheBoy\server\server\node_modules\uws\src\http.h(320,20): error C2661: 'v8::Object::Get': no overloaded function takes 1 arguments [C:\Users\ducth\OneDrive\Desktop\TheBoy\server\server\node_modules\uws\build\uws.vcxproj]
C:\Users\ducth\OneDrive\Desktop\TheBoy\server\server\node_modules\uws\src\http.h(320,20): message : while trying to match the argument list '(v8::MaybeLocal<v8::String>)' [C:\Users\ducth\OneDrive\Desktop\TheBoy\server\server\node_modules\uws\build\uws.vcxproj]
C:\Users\ducth\OneDrive\Desktop\TheBoy\server\server\node_modules\uws\src\http.h(320,68): error C2039: 'ToObject': is not a member of 'v8::MaybeLocal<v8::Value>' [C:\Users\ducth\OneDrive\Desktop\TheBoy\server\server\node_modules\uws\build\uws.vcxproj]
C:\Users\ducth\AppData\Local\node-gyp\Cache\18.17.1\include\node\v8-object.h(290,25): message : see declaration of 'v8::MaybeLocal<v8::Value>' [C:\Users\ducth\OneDrive\Desktop\TheBoy\server\server\node_modules\uws\build\uws.vcxproj]
C:\Users\ducth\OneDrive\Desktop\TheBoy\server\server\node_modules\uws\src\http.h(321,20): error C2661: 'v8::Object::Get': no overloaded function takes 1 arguments [C:\Users\ducth\OneDrive\Desktop\TheBoy\server\server\node_modules\uws\build\uws.vcxproj]
C:\Users\ducth\OneDrive\Desktop\TheBoy\server\server\node_modules\uws\src\http.h(321,20): message : while trying to match the argument list '(v8::MaybeLocal<v8::String>)' [C:\Users\ducth\OneDrive\Desktop\TheBoy\server\server\node_modules\uws\build\uws.vcxproj]
C:\Users\ducth\OneDrive\Desktop\TheBoy\server\server\node_modules\uws\src\http.h(321,69): error C2039: 'ToObject': is not a member of 'v8::MaybeLocal<v8::Value>' [C:\Users\ducth\OneDrive\Desktop\TheBoy\server\server\node_modules\uws\build\uws.vcxproj]
C:\Users\ducth\AppData\Local\node-gyp\Cache\18.17.1\include\node\v8-object.h(290,25): message : see declaration of 'v8::MaybeLocal<v8::Value>' [C:\Users\ducth\OneDrive\Desktop\TheBoy\server\server\node_modules\uws\build\uws.vcxproj]
C:\Users\ducth\OneDrive\Desktop\TheBoy\server\server\node_modules\uws\src\http.h(327,46): error C2661: 'v8::Function::NewInstance': no overloaded function takes 0 arguments [C:\Users\ducth\OneDrive\Desktop\TheBoy\server\server\node_modules\uws\build\uws.vcxproj]
C:\Users\ducth\OneDrive\Desktop\TheBoy\server\server\node_modules\uws\src\http.h(327,46): message : while trying to match the argument list '()' [C:\Users\ducth\OneDrive\Desktop\TheBoy\server\server\node_modules\uws\build\uws.vcxproj]
C:\Users\ducth\OneDrive\Desktop\TheBoy\server\server\node_modules\uws\src\http.h(343,19): error C2665: 'v8::Template::Set': no overloaded function could convert all the argument types [C:\Users\ducth\OneDrive\Desktop\TheBoy\server\server\node_modules\uws\build\uws.vcxproj]
C:\Users\ducth\AppData\Local\node-gyp\Cache\18.17.1\include\node\v8-template.h(52,8): message : could be 'void v8::Template::Set(v8::Local<v8::Name>,v8::Local<v8::Data>,v8::PropertyAttribute)' [C:\Users\ducth\OneDrive\Desktop\TheBoy\server\server\node_modules\uws\build\uws.vcxproj]
C:\Users\ducth\OneDrive\Desktop\TheBoy\server\server\node_modules\uws\src\http.h(343,19): message : 'void v8::Template::Set(v8::Local<v8::Name>,v8::Local<v8::Data>,v8::PropertyAttribute)': cannot convert argument 1 from 'v8::MaybeLocal<v8::String>' to 'v8::Local<v8::Name>' [C:\Users\ducth\OneDrive\Desktop\TheBoy\server\server\node_modules\uws\build\uws.vcxproj]
C:\Users\ducth\OneDrive\Desktop\TheBoy\server\server\node_modules\uws\src\http.h(343,44): message : No user-defined-conversion operator available that can perform this conversion, or the operator cannot be called [C:\Users\ducth\OneDrive\Desktop\TheBoy\server\server\node_modules\uws\build\uws.vcxproj]
C:\Users\ducth\OneDrive\Desktop\TheBoy\server\server\node_modules\uws\src\http.h(343,19): message : while trying to match the argument list '(v8::MaybeLocal<v8::String>, v8::Local<v8::FunctionTemplate>)' [C:\Users\ducth\OneDrive\Desktop\TheBoy\server\server\node_modules\uws\build\uws.vcxproj]
C:\Users\ducth\OneDrive\Desktop\TheBoy\server\server\node_modules\uws\src\http.h(344,19): error C2665: 'v8::Template::Set': no overloaded function could convert all the argument types [C:\Users\ducth\OneDrive\Desktop\TheBoy\server\server\node_modules\uws\build\uws.vcxproj]
C:\Users\ducth\AppData\Local\node-gyp\Cache\18.17.1\include\node\v8-template.h(52,8): message : could be 'void v8::Template::Set(v8::Local<v8::Name>,v8::Local<v8::Data>,v8::PropertyAttribute)' [C:\Users\ducth\OneDrive\Desktop\TheBoy\server\server\node_modules\uws\build\uws.vcxproj]
C:\Users\ducth\OneDrive\Desktop\TheBoy\server\server\node_modules\uws\src\http.h(344,19): message : 'void v8::Template::Set(v8::Local<v8::Name>,v8::Local<v8::Data>,v8::PropertyAttribute)': cannot convert argument 1 from 'v8::MaybeLocal<v8::String>' to 'v8::Local<v8::Name>' [C:\Users\ducth\OneDrive\Desktop\TheBoy\server\server\node_modules\uws\build\uws.vcxproj]
C:\Users\ducth\OneDrive\Desktop\TheBoy\server\server\node_modules\uws\src\http.h(344,44): message : No user-defined-conversion operator available that can perform this conversion, or the operator cannot be called [C:\Users\ducth\OneDrive\Desktop\TheBoy\server\server\node_modules\uws\build\uws.vcxproj]
C:\Users\ducth\OneDrive\Desktop\TheBoy\server\server\node_modules\uws\src\http.h(344,19): message : while trying to match the argument list '(v8::MaybeLocal<v8::String>, v8::Local<v8::FunctionTemplate>)' [C:\Users\ducth\OneDrive\Desktop\TheBoy\server\server\node_modules\uws\build\uws.vcxproj]
C:\Users\ducth\OneDrive\Desktop\TheBoy\server\server\node_modules\uws\src\http.h(345,19): error C2665: 'v8::Template::Set': no overloaded function could convert all the argument types [C:\Users\ducth\OneDrive\Desktop\TheBoy\server\server\node_modules\uws\build\uws.vcxproj]
C:\Users\ducth\AppData\Local\node-gyp\Cache\18.17.1\include\node\v8-template.h(52,8): message : could be 'void v8::Template::Set(v8::Local<v8::Name>,v8::Local<v8::Data>,v8::PropertyAttribute)' [C:\Users\ducth\OneDrive\Desktop\TheBoy\server\server\node_modules\uws\build\uws.vcxproj]
C:\Users\ducth\OneDrive\Desktop\TheBoy\server\server\node_modules\uws\src\http.h(345,19): message : 'void v8::Template::Set(v8::Local<v8::Name>,v8::Local<v8::Data>,v8::PropertyAttribute)': cannot convert argument 1 from 'v8::MaybeLocal<v8::String>' to 'v8::Local<v8::Name>' [C:\Users\ducth\OneDrive\Desktop\TheBoy\server\server\node_modules\uws\build\uws.vcxproj]
C:\Users\ducth\OneDrive\Desktop\TheBoy\server\server\node_modules\uws\src\http.h(345,44): message : No user-defined-conversion operator available that can perform this conversion, or the operator cannot be called [C:\Users\ducth\OneDrive\Desktop\TheBoy\server\server\node_modules\uws\build\uws.vcxproj]
C:\Users\ducth\OneDrive\Desktop\TheBoy\server\server\node_modules\uws\src\http.h(345,19): message : while trying to match the argument list '(v8::MaybeLocal<v8::String>, v8::Local<v8::FunctionTemplate>)' [C:\Users\ducth\OneDrive\Desktop\TheBoy\server\server\node_modules\uws\build\uws.vcxproj]
C:\Users\ducth\OneDrive\Desktop\TheBoy\server\server\node_modules\uws\src\http.h(346,19): error C2665: 'v8::Template::Set': no overloaded function could convert all the argument types [C:\Users\ducth\OneDrive\Desktop\TheBoy\server\server\node_modules\uws\build\uws.vcxproj]
C:\Users\ducth\AppData\Local\node-gyp\Cache\18.17.1\include\node\v8-template.h(52,8): message : could be 'void v8::Template::Set(v8::Local<v8::Name>,v8::Local<v8::Data>,v8::PropertyAttribute)' [C:\Users\ducth\OneDrive\Desktop\TheBoy\server\server\node_modules\uws\build\uws.vcxproj]
C:\Users\ducth\OneDrive\Desktop\TheBoy\server\server\node_modules\uws\src\http.h(346,19): message : 'void v8::Template::Set(v8::Local<v8::Name>,v8::Local<v8::Data>,v8::PropertyAttribute)': cannot convert argument 1 from 'v8::MaybeLocal<v8::String>' to 'v8::Local<v8::Name>' [C:\Users\ducth\OneDrive\Desktop\TheBoy\server\server\node_modules\uws\build\uws.vcxproj]
C:\Users\ducth\OneDrive\Desktop\TheBoy\server\server\node_modules\uws\src\http.h(346,44): message : No user-defined-conversion operator available that can perform this conversion, or the operator cannot be called [C:\Users\ducth\OneDrive\Desktop\TheBoy\server\server\node_modules\uws\build\uws.vcxproj]
C:\Users\ducth\OneDrive\Desktop\TheBoy\server\server\node_modules\uws\src\http.h(346,19): message : while trying to match the argument list '(v8::MaybeLocal<v8::String>, v8::Local<v8::FunctionTemplate>)' [C:\Users\ducth\OneDrive\Desktop\TheBoy\server\server\node_modules\uws\build\uws.vcxproj]
C:\Users\ducth\OneDrive\Desktop\TheBoy\server\server\node_modules\uws\src\http.h(347,40): error C2665: 'v8::Template::Set': no overloaded function could convert all the argument types [C:\Users\ducth\OneDrive\Desktop\TheBoy\server\server\node_modules\uws\build\uws.vcxproj]
C:\Users\ducth\AppData\Local\node-gyp\Cache\18.17.1\include\node\v8-template.h(52,8): message : could be 'void v8::Template::Set(v8::Local<v8::Name>,v8::Local<v8::Data>,v8::PropertyAttribute)' [C:\Users\ducth\OneDrive\Desktop\TheBoy\server\server\node_modules\uws\build\uws.vcxproj]
C:\Users\ducth\OneDrive\Desktop\TheBoy\server\server\node_modules\uws\src\http.h(347,40): message : 'void v8::Template::Set(v8::Local<v8::Name>,v8::Local<v8::Data>,v8::PropertyAttribute)': cannot convert argument 1 from 'v8::MaybeLocal<v8::String>' to 'v8::Local<v8::Name>' [C:\Users\ducth\OneDrive\Desktop\TheBoy\server\server\node_modules\uws\build\uws.vcxproj]
C:\Users\ducth\OneDrive\Desktop\TheBoy\server\server\node_modules\uws\src\http.h(347,65): message : No user-defined-conversion operator available that can perform this conversion, or the operator cannot be called [C:\Users\ducth\OneDrive\Desktop\TheBoy\server\server\node_modules\uws\build\uws.vcxproj]
C:\Users\ducth\OneDrive\Desktop\TheBoy\server\server\node_modules\uws\src\http.h(347,40): message : while trying to match the argument list '(v8::MaybeLocal<v8::String>, v8::Local<v8::FunctionTemplate>)' [C:\Users\ducth\OneDrive\Desktop\TheBoy\server\server\node_modules\uws\build\uws.vcxproj]
C:\Users\ducth\OneDrive\Desktop\TheBoy\server\server\node_modules\uws\src\http.h(348,40): error C2665: 'v8::Template::Set': no overloaded function could convert all the argument types [C:\Users\ducth\OneDrive\Desktop\TheBoy\server\server\node_modules\uws\build\uws.vcxproj]
C:\Users\ducth\OneDrive\Desktop\TheBoy\server\server\node_modules\uws\src\http.h(348,1): fatal  error C1003: error count exceeds 100; stopping compilation [C:\Users\ducth\OneDrive\Desktop\TheBoy\server\server\node_modules\uws\build\uws.vcxproj]
gyp ERR! build error 
gyp ERR! stack Error: `C:\Program Files\Microsoft Visual Studio\2022\Community\MSBuild\Current\Bin\MSBuild.exe` failed with exit code: 1
gyp ERR! stack     at ChildProcess.onExit (C:\Program Files\nodejs\node_modules\npm\node_modules\node-gyp\lib\build.js:203:23)
gyp ERR! stack     at ChildProcess.emit (node:events:514:28)
gyp ERR! stack     at ChildProcess._handle.onexit (node:internal/child_process:291:12)
gyp ERR! System Windows_NT 10.0.19045
gyp ERR! command "C:\\Program Files\\nodejs\\node.exe" "C:\\Program Files\\nodejs\\node_modules\\npm\\node_modules\\node-gyp\\bin\\node-gyp.js" "rebuild"
gyp ERR! cwd C:\Users\ducth\OneDrive\Desktop\TheBoy\server\server\node_modules\uws
gyp ERR! node -v v18.17.1
gyp ERR! node-gyp -v v9.3.1
gyp ERR! not ok 
